{"/Users/murilolodovico/Desktop/projects/clean-wallet/src/application/balance/create-balance.use-case.ts": {"path":"/Users/murilolodovico/Desktop/projects/clean-wallet/src/application/balance/create-balance.use-case.ts","statementMap":{"0":{"start":{"line":1,"column":0},"end":{"line":1,"column":null}},"1":{"start":{"line":7,"column":0},"end":{"line":7,"column":55}},"2":{"start":{"line":8,"column":0},"end":{"line":8,"column":null}},"3":{"start":{"line":23,"column":7},"end":{"line":55,"column":null}},"4":{"start":{"line":24,"column":31},"end":{"line":24,"column":50}},"5":{"start":{"line":27,"column":26},"end":{"line":27,"column":47}},"6":{"start":{"line":29,"column":4},"end":{"line":31,"column":5}},"7":{"start":{"line":30,"column":6},"end":{"line":30,"column":62}},"8":{"start":{"line":33,"column":20},"end":{"line":33,"column":44}},"9":{"start":{"line":35,"column":4},"end":{"line":39,"column":5}},"10":{"start":{"line":36,"column":6},"end":{"line":36,"column":75}},"11":{"start":{"line":38,"column":6},"end":{"line":38,"column":73}},"12":{"start":{"line":41,"column":4},"end":{"line":41,"column":19}},"13":{"start":{"line":45,"column":4},"end":{"line":53,"column":6}},"14":{"start":{"line":23,"column":13},"end":{"line":23,"column":33}},"15":{"start":{"line":23,"column":13},"end":{"line":55,"column":null}}},"fnMap":{"0":{"name":"(anonymous_2)","decl":{"start":{"line":24,"column":2},"end":{"line":24,"column":31}},"loc":{"start":{"line":24,"column":71},"end":{"line":24,"column":75}}},"1":{"name":"(anonymous_3)","decl":{"start":{"line":26,"column":2},"end":{"line":26,"column":7}},"loc":{"start":{"line":26,"column":41},"end":{"line":42,"column":3}}},"2":{"name":"(anonymous_4)","decl":{"start":{"line":44,"column":10},"end":{"line":44,"column":29}},"loc":{"start":{"line":44,"column":46},"end":{"line":54,"column":3}}}},"branchMap":{"0":{"loc":{"start":{"line":29,"column":4},"end":{"line":31,"column":5}},"type":"if","locations":[{"start":{"line":29,"column":4},"end":{"line":31,"column":5}}]}},"s":{"0":2,"1":2,"2":2,"3":2,"4":3,"5":3,"6":3,"7":1,"8":2,"9":2,"10":2,"11":1,"12":1,"13":2,"14":2,"15":2},"f":{"0":3,"1":3,"2":2},"b":{"0":[1]}}
,"/Users/murilolodovico/Desktop/projects/clean-wallet/src/application/client/create-client.use-case.ts": {"path":"/Users/murilolodovico/Desktop/projects/clean-wallet/src/application/client/create-client.use-case.ts","statementMap":{"0":{"start":{"line":1,"column":0},"end":{"line":1,"column":null}},"1":{"start":{"line":8,"column":0},"end":{"line":8,"column":52}},"2":{"start":{"line":9,"column":0},"end":{"line":9,"column":76}},"3":{"start":{"line":10,"column":0},"end":{"line":10,"column":null}},"4":{"start":{"line":26,"column":7},"end":{"line":79,"column":null}},"5":{"start":{"line":27,"column":31},"end":{"line":27,"column":49}},"6":{"start":{"line":31,"column":6},"end":{"line":33,"column":25}},"7":{"start":{"line":35,"column":25},"end":{"line":43,"column":6}},"8":{"start":{"line":45,"column":4},"end":{"line":47,"column":5}},"9":{"start":{"line":46,"column":6},"end":{"line":46,"column":61}},"10":{"start":{"line":49,"column":19},"end":{"line":49,"column":42}},"11":{"start":{"line":50,"column":21},"end":{"line":51,"column":null}},"12":{"start":{"line":54,"column":4},"end":{"line":56,"column":5}},"13":{"start":{"line":55,"column":6},"end":{"line":55,"column":81}},"14":{"start":{"line":58,"column":4},"end":{"line":62,"column":5}},"15":{"start":{"line":59,"column":6},"end":{"line":59,"column":73}},"16":{"start":{"line":61,"column":6},"end":{"line":61,"column":72}},"17":{"start":{"line":64,"column":4},"end":{"line":64,"column":18}},"18":{"start":{"line":68,"column":4},"end":{"line":77,"column":6}},"19":{"start":{"line":26,"column":13},"end":{"line":26,"column":32}},"20":{"start":{"line":26,"column":13},"end":{"line":79,"column":null}}},"fnMap":{"0":{"name":"(anonymous_2)","decl":{"start":{"line":27,"column":2},"end":{"line":27,"column":31}},"loc":{"start":{"line":27,"column":69},"end":{"line":27,"column":73}}},"1":{"name":"(anonymous_3)","decl":{"start":{"line":29,"column":2},"end":{"line":29,"column":7}},"loc":{"start":{"line":29,"column":40},"end":{"line":65,"column":3}}},"2":{"name":"(anonymous_4)","decl":{"start":{"line":67,"column":10},"end":{"line":67,"column":29}},"loc":{"start":{"line":67,"column":44},"end":{"line":78,"column":3}}}},"branchMap":{"0":{"loc":{"start":{"line":31,"column":6},"end":{"line":33,"column":25}},"type":"cond-expr","locations":[{"start":{"line":32,"column":10},"end":{"line":32,"column":35}},{"start":{"line":33,"column":10},"end":{"line":33,"column":25}}]},"1":{"loc":{"start":{"line":45,"column":4},"end":{"line":47,"column":5}},"type":"if","locations":[{"start":{"line":45,"column":4},"end":{"line":47,"column":5}}]},"2":{"loc":{"start":{"line":54,"column":4},"end":{"line":56,"column":5}},"type":"if","locations":[{"start":{"line":54,"column":4},"end":{"line":56,"column":5}}]}},"s":{"0":2,"1":2,"2":2,"3":2,"4":2,"5":5,"6":5,"7":5,"8":5,"9":1,"10":4,"11":4,"12":4,"13":1,"14":3,"15":3,"16":1,"17":2,"18":3,"19":2,"20":2},"f":{"0":5,"1":5,"2":3},"b":{"0":[1,4],"1":[1],"2":[1]}}
,"/Users/murilolodovico/Desktop/projects/clean-wallet/src/application/client/get-client.use-case.ts": {"path":"/Users/murilolodovico/Desktop/projects/clean-wallet/src/application/client/get-client.use-case.ts","statementMap":{"0":{"start":{"line":1,"column":0},"end":{"line":1,"column":null}},"1":{"start":{"line":8,"column":0},"end":{"line":8,"column":88}},"2":{"start":{"line":9,"column":0},"end":{"line":9,"column":59}},"3":{"start":{"line":12,"column":7},"end":{"line":31,"column":null}},"4":{"start":{"line":13,"column":31},"end":{"line":13,"column":49}},"5":{"start":{"line":16,"column":21},"end":{"line":16,"column":40}},"6":{"start":{"line":17,"column":4},"end":{"line":19,"column":5}},"7":{"start":{"line":18,"column":6},"end":{"line":18,"column":57}},"8":{"start":{"line":21,"column":19},"end":{"line":22,"column":null}},"9":{"start":{"line":25,"column":4},"end":{"line":27,"column":5}},"10":{"start":{"line":26,"column":6},"end":{"line":26,"column":54}},"11":{"start":{"line":29,"column":4},"end":{"line":29,"column":18}},"12":{"start":{"line":12,"column":13},"end":{"line":12,"column":29}},"13":{"start":{"line":12,"column":13},"end":{"line":31,"column":null}}},"fnMap":{"0":{"name":"(anonymous_2)","decl":{"start":{"line":13,"column":2},"end":{"line":13,"column":31}},"loc":{"start":{"line":13,"column":69},"end":{"line":13,"column":73}}},"1":{"name":"(anonymous_3)","decl":{"start":{"line":15,"column":2},"end":{"line":15,"column":7}},"loc":{"start":{"line":15,"column":26},"end":{"line":30,"column":3}}}},"branchMap":{"0":{"loc":{"start":{"line":17,"column":4},"end":{"line":19,"column":5}},"type":"if","locations":[{"start":{"line":17,"column":4},"end":{"line":19,"column":5}}]},"1":{"loc":{"start":{"line":25,"column":4},"end":{"line":27,"column":5}},"type":"if","locations":[{"start":{"line":25,"column":4},"end":{"line":27,"column":5}}]}},"s":{"0":2,"1":2,"2":2,"3":2,"4":3,"5":3,"6":3,"7":1,"8":2,"9":2,"10":1,"11":1,"12":2,"13":2},"f":{"0":3,"1":3},"b":{"0":[1],"1":[1]}}
,"/Users/murilolodovico/Desktop/projects/clean-wallet/src/application/client/update-client.use-case.ts": {"path":"/Users/murilolodovico/Desktop/projects/clean-wallet/src/application/client/update-client.use-case.ts","statementMap":{"0":{"start":{"line":1,"column":0},"end":{"line":1,"column":null}},"1":{"start":{"line":10,"column":0},"end":{"line":10,"column":76}},"2":{"start":{"line":11,"column":0},"end":{"line":11,"column":null}},"3":{"start":{"line":15,"column":0},"end":{"line":15,"column":71}},"4":{"start":{"line":16,"column":0},"end":{"line":16,"column":59}},"5":{"start":{"line":30,"column":7},"end":{"line":114,"column":null}},"6":{"start":{"line":31,"column":31},"end":{"line":31,"column":49}},"7":{"start":{"line":34,"column":21},"end":{"line":34,"column":46}},"8":{"start":{"line":35,"column":4},"end":{"line":37,"column":5}},"9":{"start":{"line":36,"column":6},"end":{"line":36,"column":57}},"10":{"start":{"line":39,"column":21},"end":{"line":39,"column":51}},"11":{"start":{"line":40,"column":19},"end":{"line":40,"column":65}},"12":{"start":{"line":42,"column":4},"end":{"line":44,"column":5}},"13":{"start":{"line":43,"column":6},"end":{"line":43,"column":54}},"14":{"start":{"line":46,"column":4},"end":{"line":48,"column":5}},"15":{"start":{"line":47,"column":6},"end":{"line":47,"column":67}},"16":{"start":{"line":50,"column":26},"end":{"line":58,"column":6}},"17":{"start":{"line":60,"column":4},"end":{"line":62,"column":5}},"18":{"start":{"line":61,"column":6},"end":{"line":61,"column":62}},"19":{"start":{"line":64,"column":20},"end":{"line":64,"column":44}},"20":{"start":{"line":66,"column":4},"end":{"line":73,"column":5}},"21":{"start":{"line":67,"column":6},"end":{"line":70,"column":8}},"22":{"start":{"line":72,"column":6},"end":{"line":72,"column":72}},"23":{"start":{"line":75,"column":4},"end":{"line":75,"column":19}},"24":{"start":{"line":82,"column":27},"end":{"line":82,"column":58}},"25":{"start":{"line":83,"column":4},"end":{"line":87,"column":5}},"26":{"start":{"line":84,"column":6},"end":{"line":86,"column":8}},"27":{"start":{"line":89,"column":31},"end":{"line":89,"column":67}},"28":{"start":{"line":90,"column":4},"end":{"line":92,"column":5}},"29":{"start":{"line":91,"column":6},"end":{"line":91,"column":13}},"30":{"start":{"line":95,"column":6},"end":{"line":95,"column":68}},"31":{"start":{"line":97,"column":4},"end":{"line":99,"column":5}},"32":{"start":{"line":98,"column":6},"end":{"line":98,"column":81}},"33":{"start":{"line":103,"column":4},"end":{"line":112,"column":6}},"34":{"start":{"line":30,"column":13},"end":{"line":30,"column":32}},"35":{"start":{"line":30,"column":13},"end":{"line":114,"column":null}}},"fnMap":{"0":{"name":"(anonymous_2)","decl":{"start":{"line":31,"column":2},"end":{"line":31,"column":31}},"loc":{"start":{"line":31,"column":69},"end":{"line":31,"column":73}}},"1":{"name":"(anonymous_3)","decl":{"start":{"line":33,"column":2},"end":{"line":33,"column":7}},"loc":{"start":{"line":33,"column":40},"end":{"line":76,"column":3}}},"2":{"name":"(anonymous_4)","decl":{"start":{"line":78,"column":10},"end":{"line":78,"column":15}},"loc":{"start":{"line":80,"column":18},"end":{"line":100,"column":3}}},"3":{"name":"(anonymous_5)","decl":{"start":{"line":102,"column":10},"end":{"line":102,"column":29}},"loc":{"start":{"line":102,"column":44},"end":{"line":113,"column":3}}}},"branchMap":{"0":{"loc":{"start":{"line":35,"column":4},"end":{"line":37,"column":5}},"type":"if","locations":[{"start":{"line":35,"column":4},"end":{"line":37,"column":5}}]},"1":{"loc":{"start":{"line":42,"column":4},"end":{"line":44,"column":5}},"type":"if","locations":[{"start":{"line":42,"column":4},"end":{"line":44,"column":5}}]},"2":{"loc":{"start":{"line":46,"column":4},"end":{"line":48,"column":5}},"type":"if","locations":[{"start":{"line":46,"column":4},"end":{"line":48,"column":5}}]},"3":{"loc":{"start":{"line":60,"column":4},"end":{"line":62,"column":5}},"type":"if","locations":[{"start":{"line":60,"column":4},"end":{"line":62,"column":5}}]},"4":{"loc":{"start":{"line":83,"column":4},"end":{"line":87,"column":5}},"type":"if","locations":[{"start":{"line":83,"column":4},"end":{"line":87,"column":5}}]},"5":{"loc":{"start":{"line":90,"column":4},"end":{"line":92,"column":5}},"type":"if","locations":[{"start":{"line":90,"column":4},"end":{"line":92,"column":5}}]},"6":{"loc":{"start":{"line":97,"column":4},"end":{"line":99,"column":5}},"type":"if","locations":[{"start":{"line":97,"column":4},"end":{"line":99,"column":5}}]}},"s":{"0":2,"1":2,"2":2,"3":2,"4":2,"5":2,"6":9,"7":9,"8":9,"9":1,"10":8,"11":8,"12":8,"13":1,"14":7,"15":4,"16":5,"17":5,"18":1,"19":4,"20":4,"21":4,"22":1,"23":3,"24":4,"25":4,"26":1,"27":3,"28":3,"29":1,"30":2,"31":2,"32":1,"33":4,"34":2,"35":2},"f":{"0":9,"1":9,"2":4,"3":4},"b":{"0":[1],"1":[1],"2":[4],"3":[1],"4":[1],"5":[1],"6":[1]}}
,"/Users/murilolodovico/Desktop/projects/clean-wallet/src/application/wallet/create-wallet.use-case.ts": {"path":"/Users/murilolodovico/Desktop/projects/clean-wallet/src/application/wallet/create-wallet.use-case.ts","statementMap":{"0":{"start":{"line":1,"column":0},"end":{"line":1,"column":null}},"1":{"start":{"line":7,"column":0},"end":{"line":7,"column":52}},"2":{"start":{"line":8,"column":0},"end":{"line":8,"column":null}},"3":{"start":{"line":21,"column":7},"end":{"line":51,"column":null}},"4":{"start":{"line":22,"column":31},"end":{"line":22,"column":49}},"5":{"start":{"line":25,"column":25},"end":{"line":25,"column":45}},"6":{"start":{"line":27,"column":4},"end":{"line":29,"column":5}},"7":{"start":{"line":28,"column":6},"end":{"line":28,"column":61}},"8":{"start":{"line":31,"column":19},"end":{"line":31,"column":42}},"9":{"start":{"line":33,"column":4},"end":{"line":37,"column":5}},"10":{"start":{"line":34,"column":6},"end":{"line":34,"column":73}},"11":{"start":{"line":36,"column":6},"end":{"line":36,"column":72}},"12":{"start":{"line":39,"column":4},"end":{"line":39,"column":18}},"13":{"start":{"line":43,"column":4},"end":{"line":49,"column":6}},"14":{"start":{"line":21,"column":13},"end":{"line":21,"column":32}},"15":{"start":{"line":21,"column":13},"end":{"line":51,"column":null}}},"fnMap":{"0":{"name":"(anonymous_2)","decl":{"start":{"line":22,"column":2},"end":{"line":22,"column":31}},"loc":{"start":{"line":22,"column":69},"end":{"line":22,"column":73}}},"1":{"name":"(anonymous_3)","decl":{"start":{"line":24,"column":2},"end":{"line":24,"column":7}},"loc":{"start":{"line":24,"column":40},"end":{"line":40,"column":3}}},"2":{"name":"(anonymous_4)","decl":{"start":{"line":42,"column":10},"end":{"line":42,"column":29}},"loc":{"start":{"line":42,"column":44},"end":{"line":50,"column":3}}}},"branchMap":{"0":{"loc":{"start":{"line":27,"column":4},"end":{"line":29,"column":5}},"type":"if","locations":[{"start":{"line":27,"column":4},"end":{"line":29,"column":5}}]}},"s":{"0":2,"1":2,"2":2,"3":2,"4":3,"5":3,"6":3,"7":1,"8":2,"9":2,"10":2,"11":1,"12":1,"13":2,"14":2,"15":2},"f":{"0":3,"1":3,"2":2},"b":{"0":[1]}}
,"/Users/murilolodovico/Desktop/projects/clean-wallet/src/domain/balance/Balance.ts": {"path":"/Users/murilolodovico/Desktop/projects/clean-wallet/src/domain/balance/Balance.ts","statementMap":{"0":{"start":{"line":1,"column":0},"end":{"line":1,"column":51}},"1":{"start":{"line":2,"column":0},"end":{"line":2,"column":37}},"2":{"start":{"line":3,"column":0},"end":{"line":3,"column":43}},"3":{"start":{"line":4,"column":0},"end":{"line":4,"column":41}},"4":{"start":{"line":5,"column":0},"end":{"line":5,"column":47}},"5":{"start":{"line":6,"column":0},"end":{"line":6,"column":53}},"6":{"start":{"line":7,"column":0},"end":{"line":7,"column":55}},"7":{"start":{"line":8,"column":0},"end":{"line":8,"column":51}},"8":{"start":{"line":21,"column":20},"end":{"line":21,"column":33}},"9":{"start":{"line":22,"column":20},"end":{"line":22,"column":34}},"10":{"start":{"line":23,"column":20},"end":{"line":23,"column":50}},"11":{"start":{"line":24,"column":20},"end":{"line":24,"column":38}},"12":{"start":{"line":25,"column":20},"end":{"line":25,"column":52}},"13":{"start":{"line":26,"column":20},"end":{"line":26,"column":48}},"14":{"start":{"line":27,"column":20},"end":{"line":27,"column":44}},"15":{"start":{"line":28,"column":20},"end":{"line":28,"column":35}},"16":{"start":{"line":29,"column":20},"end":{"line":29,"column":35}},"17":{"start":{"line":33,"column":25},"end":{"line":33,"column":52}},"18":{"start":{"line":34,"column":4},"end":{"line":36,"column":5}},"19":{"start":{"line":35,"column":6},"end":{"line":35,"column":80}},"20":{"start":{"line":38,"column":33},"end":{"line":38,"column":76}},"21":{"start":{"line":39,"column":4},"end":{"line":43,"column":5}},"22":{"start":{"line":40,"column":6},"end":{"line":42,"column":8}},"23":{"start":{"line":45,"column":27},"end":{"line":45,"column":58}},"24":{"start":{"line":46,"column":4},"end":{"line":50,"column":5}},"25":{"start":{"line":47,"column":6},"end":{"line":49,"column":8}},"26":{"start":{"line":52,"column":34},"end":{"line":52,"column":79}},"27":{"start":{"line":53,"column":4},"end":{"line":57,"column":5}},"28":{"start":{"line":54,"column":6},"end":{"line":56,"column":8}},"29":{"start":{"line":59,"column":32},"end":{"line":59,"column":73}},"30":{"start":{"line":60,"column":4},"end":{"line":64,"column":5}},"31":{"start":{"line":61,"column":6},"end":{"line":63,"column":8}},"32":{"start":{"line":66,"column":30},"end":{"line":66,"column":67}},"33":{"start":{"line":67,"column":4},"end":{"line":71,"column":5}},"34":{"start":{"line":68,"column":6},"end":{"line":70,"column":8}},"35":{"start":{"line":73,"column":4},"end":{"line":85,"column":6}},"36":{"start":{"line":19,"column":0},"end":{"line":19,"column":13}}},"fnMap":{"0":{"name":"(anonymous_0)","decl":{"start":{"line":20,"column":2},"end":{"line":20,"column":null}},"loc":{"start":{"line":29,"column":35},"end":{"line":30,"column":6}}},"1":{"name":"(anonymous_1)","decl":{"start":{"line":32,"column":2},"end":{"line":32,"column":8}},"loc":{"start":{"line":32,"column":38},"end":{"line":86,"column":3}}}},"branchMap":{"0":{"loc":{"start":{"line":34,"column":4},"end":{"line":36,"column":5}},"type":"if","locations":[{"start":{"line":34,"column":4},"end":{"line":36,"column":5}}]},"1":{"loc":{"start":{"line":39,"column":4},"end":{"line":43,"column":5}},"type":"if","locations":[{"start":{"line":39,"column":4},"end":{"line":43,"column":5}}]},"2":{"loc":{"start":{"line":46,"column":4},"end":{"line":50,"column":5}},"type":"if","locations":[{"start":{"line":46,"column":4},"end":{"line":50,"column":5}}]},"3":{"loc":{"start":{"line":53,"column":4},"end":{"line":57,"column":5}},"type":"if","locations":[{"start":{"line":53,"column":4},"end":{"line":57,"column":5}}]},"4":{"loc":{"start":{"line":60,"column":4},"end":{"line":64,"column":5}},"type":"if","locations":[{"start":{"line":60,"column":4},"end":{"line":64,"column":5}}]},"5":{"loc":{"start":{"line":67,"column":4},"end":{"line":71,"column":5}},"type":"if","locations":[{"start":{"line":67,"column":4},"end":{"line":71,"column":5}}]}},"s":{"0":3,"1":3,"2":3,"3":3,"4":3,"5":3,"6":3,"7":3,"8":4,"9":4,"10":4,"11":4,"12":4,"13":4,"14":4,"15":4,"16":4,"17":8,"18":8,"19":2,"20":6,"21":6,"22":0,"23":6,"24":6,"25":1,"26":5,"27":5,"28":0,"29":5,"30":5,"31":0,"32":5,"33":5,"34":1,"35":4,"36":3},"f":{"0":4,"1":8},"b":{"0":[2],"1":[0],"2":[1],"3":[0],"4":[0],"5":[1]}}
,"/Users/murilolodovico/Desktop/projects/clean-wallet/src/domain/balance/ports/balance-repository.port.ts": {"path":"/Users/murilolodovico/Desktop/projects/clean-wallet/src/domain/balance/ports/balance-repository.port.ts","statementMap":{"0":{"start":{"line":16,"column":0},"end":{"line":16,"column":22}}},"fnMap":{},"branchMap":{},"s":{"0":2},"f":{},"b":{}}
,"/Users/murilolodovico/Desktop/projects/clean-wallet/src/domain/client/Client.ts": {"path":"/Users/murilolodovico/Desktop/projects/clean-wallet/src/domain/client/Client.ts","statementMap":{"0":{"start":{"line":1,"column":0},"end":{"line":1,"column":49}},"1":{"start":{"line":3,"column":0},"end":{"line":3,"column":43}},"2":{"start":{"line":4,"column":0},"end":{"line":4,"column":41}},"3":{"start":{"line":5,"column":0},"end":{"line":5,"column":35}},"4":{"start":{"line":6,"column":0},"end":{"line":6,"column":33}},"5":{"start":{"line":7,"column":0},"end":{"line":7,"column":41}},"6":{"start":{"line":8,"column":0},"end":{"line":8,"column":35}},"7":{"start":{"line":9,"column":0},"end":{"line":9,"column":37}},"8":{"start":{"line":10,"column":0},"end":{"line":10,"column":53}},"9":{"start":{"line":30,"column":20},"end":{"line":30,"column":32}},"10":{"start":{"line":31,"column":20},"end":{"line":31,"column":30}},"11":{"start":{"line":32,"column":20},"end":{"line":32,"column":32}},"12":{"start":{"line":33,"column":20},"end":{"line":33,"column":32}},"13":{"start":{"line":34,"column":20},"end":{"line":34,"column":40}},"14":{"start":{"line":35,"column":20},"end":{"line":35,"column":44}},"15":{"start":{"line":36,"column":20},"end":{"line":36,"column":38}},"16":{"start":{"line":37,"column":20},"end":{"line":37,"column":34}},"17":{"start":{"line":38,"column":20},"end":{"line":38,"column":35}},"18":{"start":{"line":39,"column":20},"end":{"line":39,"column":35}},"19":{"start":{"line":45,"column":21},"end":{"line":45,"column":38}},"20":{"start":{"line":46,"column":4},"end":{"line":48,"column":5}},"21":{"start":{"line":47,"column":6},"end":{"line":47,"column":78}},"22":{"start":{"line":50,"column":16},"end":{"line":50,"column":26}},"23":{"start":{"line":52,"column":4},"end":{"line":57,"column":7}},"24":{"start":{"line":61,"column":4},"end":{"line":61,"column":31}},"25":{"start":{"line":65,"column":4},"end":{"line":76,"column":7}},"26":{"start":{"line":80,"column":4},"end":{"line":82,"column":5}},"27":{"start":{"line":81,"column":6},"end":{"line":81,"column":50}},"28":{"start":{"line":84,"column":25},"end":{"line":84,"column":48}},"29":{"start":{"line":85,"column":4},"end":{"line":87,"column":5}},"30":{"start":{"line":86,"column":6},"end":{"line":86,"column":79}},"31":{"start":{"line":89,"column":4},"end":{"line":100,"column":6}},"32":{"start":{"line":104,"column":4},"end":{"line":106,"column":5}},"33":{"start":{"line":105,"column":6},"end":{"line":105,"column":52}},"34":{"start":{"line":108,"column":25},"end":{"line":108,"column":50}},"35":{"start":{"line":109,"column":4},"end":{"line":111,"column":5}},"36":{"start":{"line":110,"column":6},"end":{"line":110,"column":78}},"37":{"start":{"line":113,"column":4},"end":{"line":124,"column":6}},"38":{"start":{"line":128,"column":21},"end":{"line":128,"column":46}},"39":{"start":{"line":129,"column":4},"end":{"line":131,"column":5}},"40":{"start":{"line":130,"column":6},"end":{"line":130,"column":78}},"41":{"start":{"line":133,"column":23},"end":{"line":133,"column":46}},"42":{"start":{"line":134,"column":4},"end":{"line":136,"column":5}},"43":{"start":{"line":135,"column":6},"end":{"line":135,"column":75}},"44":{"start":{"line":138,"column":24},"end":{"line":138,"column":49}},"45":{"start":{"line":139,"column":4},"end":{"line":141,"column":5}},"46":{"start":{"line":140,"column":6},"end":{"line":140,"column":77}},"47":{"start":{"line":143,"column":24},"end":{"line":143,"column":49}},"48":{"start":{"line":144,"column":4},"end":{"line":146,"column":5}},"49":{"start":{"line":145,"column":6},"end":{"line":145,"column":77}},"50":{"start":{"line":148,"column":28},"end":{"line":148,"column":61}},"51":{"start":{"line":149,"column":4},"end":{"line":153,"column":5}},"52":{"start":{"line":150,"column":6},"end":{"line":152,"column":8}},"53":{"start":{"line":155,"column":27},"end":{"line":155,"column":64}},"54":{"start":{"line":156,"column":4},"end":{"line":160,"column":5}},"55":{"start":{"line":157,"column":6},"end":{"line":159,"column":8}},"56":{"start":{"line":162,"column":27},"end":{"line":162,"column":58}},"57":{"start":{"line":163,"column":4},"end":{"line":167,"column":5}},"58":{"start":{"line":164,"column":6},"end":{"line":166,"column":8}},"59":{"start":{"line":169,"column":25},"end":{"line":169,"column":52}},"60":{"start":{"line":170,"column":4},"end":{"line":172,"column":5}},"61":{"start":{"line":171,"column":6},"end":{"line":171,"column":79}},"62":{"start":{"line":174,"column":4},"end":{"line":187,"column":6}},"63":{"start":{"line":28,"column":0},"end":{"line":28,"column":13}}},"fnMap":{"0":{"name":"(anonymous_0)","decl":{"start":{"line":29,"column":2},"end":{"line":29,"column":null}},"loc":{"start":{"line":39,"column":35},"end":{"line":40,"column":6}}},"1":{"name":"(anonymous_1)","decl":{"start":{"line":44,"column":2},"end":{"line":44,"column":8}},"loc":{"start":{"line":44,"column":37},"end":{"line":58,"column":3}}},"2":{"name":"(anonymous_2)","decl":{"start":{"line":60,"column":2},"end":{"line":60,"column":8}},"loc":{"start":{"line":60,"column":52},"end":{"line":62,"column":3}}},"3":{"name":"(anonymous_3)","decl":{"start":{"line":64,"column":2},"end":{"line":64,"column":8}},"loc":{"start":{"line":64,"column":41},"end":{"line":77,"column":3}}},"4":{"name":"(anonymous_4)","decl":{"start":{"line":79,"column":2},"end":{"line":79,"column":8}},"loc":{"start":{"line":79,"column":32},"end":{"line":101,"column":3}}},"5":{"name":"(anonymous_5)","decl":{"start":{"line":103,"column":2},"end":{"line":103,"column":8}},"loc":{"start":{"line":103,"column":34},"end":{"line":125,"column":3}}},"6":{"name":"(anonymous_6)","decl":{"start":{"line":127,"column":10},"end":{"line":127,"column":16}},"loc":{"start":{"line":127,"column":53},"end":{"line":188,"column":3}}}},"branchMap":{"0":{"loc":{"start":{"line":46,"column":4},"end":{"line":48,"column":5}},"type":"if","locations":[{"start":{"line":46,"column":4},"end":{"line":48,"column":5}}]},"1":{"loc":{"start":{"line":67,"column":12},"end":{"line":67,"column":48}},"type":"binary-expr","locations":[{"start":{"line":67,"column":12},"end":{"line":67,"column":24}},{"start":{"line":67,"column":28},"end":{"line":67,"column":48}}]},"2":{"loc":{"start":{"line":68,"column":13},"end":{"line":68,"column":51}},"type":"binary-expr","locations":[{"start":{"line":68,"column":13},"end":{"line":68,"column":26}},{"start":{"line":68,"column":30},"end":{"line":68,"column":51}}]},"3":{"loc":{"start":{"line":69,"column":13},"end":{"line":69,"column":51}},"type":"binary-expr","locations":[{"start":{"line":69,"column":13},"end":{"line":69,"column":26}},{"start":{"line":69,"column":30},"end":{"line":69,"column":51}}]},"4":{"loc":{"start":{"line":70,"column":17},"end":{"line":70,"column":63}},"type":"binary-expr","locations":[{"start":{"line":70,"column":17},"end":{"line":70,"column":34}},{"start":{"line":70,"column":38},"end":{"line":70,"column":63}}]},"5":{"loc":{"start":{"line":71,"column":16},"end":{"line":71,"column":60}},"type":"binary-expr","locations":[{"start":{"line":71,"column":16},"end":{"line":71,"column":32}},{"start":{"line":71,"column":36},"end":{"line":71,"column":60}}]},"6":{"loc":{"start":{"line":72,"column":16},"end":{"line":72,"column":60}},"type":"binary-expr","locations":[{"start":{"line":72,"column":16},"end":{"line":72,"column":32}},{"start":{"line":72,"column":36},"end":{"line":72,"column":60}}]},"7":{"loc":{"start":{"line":73,"column":14},"end":{"line":73,"column":54}},"type":"binary-expr","locations":[{"start":{"line":73,"column":14},"end":{"line":73,"column":28}},{"start":{"line":73,"column":32},"end":{"line":73,"column":54}}]},"8":{"loc":{"start":{"line":80,"column":4},"end":{"line":82,"column":5}},"type":"if","locations":[{"start":{"line":80,"column":4},"end":{"line":82,"column":5}}]},"9":{"loc":{"start":{"line":85,"column":4},"end":{"line":87,"column":5}},"type":"if","locations":[{"start":{"line":85,"column":4},"end":{"line":87,"column":5}}]},"10":{"loc":{"start":{"line":104,"column":4},"end":{"line":106,"column":5}},"type":"if","locations":[{"start":{"line":104,"column":4},"end":{"line":106,"column":5}}]},"11":{"loc":{"start":{"line":109,"column":4},"end":{"line":111,"column":5}},"type":"if","locations":[{"start":{"line":109,"column":4},"end":{"line":111,"column":5}}]},"12":{"loc":{"start":{"line":129,"column":4},"end":{"line":131,"column":5}},"type":"if","locations":[{"start":{"line":129,"column":4},"end":{"line":131,"column":5}}]},"13":{"loc":{"start":{"line":134,"column":4},"end":{"line":136,"column":5}},"type":"if","locations":[{"start":{"line":134,"column":4},"end":{"line":136,"column":5}}]},"14":{"loc":{"start":{"line":139,"column":4},"end":{"line":141,"column":5}},"type":"if","locations":[{"start":{"line":139,"column":4},"end":{"line":141,"column":5}}]},"15":{"loc":{"start":{"line":144,"column":4},"end":{"line":146,"column":5}},"type":"if","locations":[{"start":{"line":144,"column":4},"end":{"line":146,"column":5}}]},"16":{"loc":{"start":{"line":149,"column":4},"end":{"line":153,"column":5}},"type":"if","locations":[{"start":{"line":149,"column":4},"end":{"line":153,"column":5}}]},"17":{"loc":{"start":{"line":156,"column":4},"end":{"line":160,"column":5}},"type":"if","locations":[{"start":{"line":156,"column":4},"end":{"line":160,"column":5}}]},"18":{"loc":{"start":{"line":163,"column":4},"end":{"line":167,"column":5}},"type":"if","locations":[{"start":{"line":163,"column":4},"end":{"line":167,"column":5}}]},"19":{"loc":{"start":{"line":170,"column":4},"end":{"line":172,"column":5}},"type":"if","locations":[{"start":{"line":170,"column":4},"end":{"line":172,"column":5}}]}},"s":{"0":6,"1":6,"2":6,"3":6,"4":6,"5":6,"6":6,"7":6,"8":6,"9":32,"10":32,"11":32,"12":32,"13":32,"14":32,"15":32,"16":32,"17":32,"18":32,"19":13,"20":13,"21":0,"22":13,"23":13,"24":19,"25":7,"26":0,"27":0,"28":0,"29":0,"30":0,"31":0,"32":0,"33":0,"34":0,"35":0,"36":0,"37":0,"38":39,"39":39,"40":1,"41":38,"42":38,"43":1,"44":37,"45":37,"46":0,"47":37,"48":37,"49":4,"50":33,"51":33,"52":0,"53":33,"54":33,"55":0,"56":33,"57":33,"58":0,"59":33,"60":33,"61":1,"62":32,"63":6},"f":{"0":32,"1":13,"2":19,"3":7,"4":0,"5":0,"6":39},"b":{"0":[0],"1":[7,3],"2":[7,7],"3":[7,6],"4":[7,7],"5":[7,5],"6":[7,7],"7":[7,7],"8":[0],"9":[0],"10":[0],"11":[0],"12":[1],"13":[1],"14":[0],"15":[4],"16":[0],"17":[0],"18":[0],"19":[1]}}
,"/Users/murilolodovico/Desktop/projects/clean-wallet/src/domain/client/ports/client-repository.port.ts": {"path":"/Users/murilolodovico/Desktop/projects/clean-wallet/src/domain/client/ports/client-repository.port.ts","statementMap":{"0":{"start":{"line":20,"column":0},"end":{"line":20,"column":22}}},"fnMap":{},"branchMap":{},"s":{"0":4},"f":{},"b":{}}
,"/Users/murilolodovico/Desktop/projects/clean-wallet/src/domain/wallet/Wallet.ts": {"path":"/Users/murilolodovico/Desktop/projects/clean-wallet/src/domain/wallet/Wallet.ts","statementMap":{"0":{"start":{"line":1,"column":0},"end":{"line":1,"column":51}},"1":{"start":{"line":2,"column":0},"end":{"line":2,"column":49}},"2":{"start":{"line":3,"column":0},"end":{"line":3,"column":41}},"3":{"start":{"line":4,"column":0},"end":{"line":4,"column":46}},"4":{"start":{"line":5,"column":0},"end":{"line":5,"column":41}},"5":{"start":{"line":6,"column":0},"end":{"line":6,"column":47}},"6":{"start":{"line":17,"column":20},"end":{"line":17,"column":32}},"7":{"start":{"line":18,"column":20},"end":{"line":18,"column":38}},"8":{"start":{"line":19,"column":20},"end":{"line":19,"column":42}},"9":{"start":{"line":20,"column":20},"end":{"line":20,"column":38}},"10":{"start":{"line":21,"column":20},"end":{"line":21,"column":44}},"11":{"start":{"line":22,"column":20},"end":{"line":22,"column":35}},"12":{"start":{"line":23,"column":20},"end":{"line":23,"column":35}},"13":{"start":{"line":27,"column":27},"end":{"line":27,"column":46}},"14":{"start":{"line":28,"column":4},"end":{"line":32,"column":5}},"15":{"start":{"line":29,"column":6},"end":{"line":31,"column":8}},"16":{"start":{"line":34,"column":29},"end":{"line":34,"column":64}},"17":{"start":{"line":35,"column":4},"end":{"line":39,"column":5}},"18":{"start":{"line":36,"column":6},"end":{"line":38,"column":8}},"19":{"start":{"line":41,"column":27},"end":{"line":41,"column":58}},"20":{"start":{"line":42,"column":4},"end":{"line":46,"column":5}},"21":{"start":{"line":43,"column":6},"end":{"line":45,"column":8}},"22":{"start":{"line":48,"column":30},"end":{"line":48,"column":67}},"23":{"start":{"line":49,"column":4},"end":{"line":53,"column":5}},"24":{"start":{"line":50,"column":6},"end":{"line":52,"column":8}},"25":{"start":{"line":55,"column":27},"end":{"line":55,"column":58}},"26":{"start":{"line":56,"column":4},"end":{"line":60,"column":5}},"27":{"start":{"line":57,"column":6},"end":{"line":59,"column":8}},"28":{"start":{"line":62,"column":4},"end":{"line":72,"column":6}},"29":{"start":{"line":15,"column":0},"end":{"line":15,"column":13}}},"fnMap":{"0":{"name":"(anonymous_0)","decl":{"start":{"line":16,"column":2},"end":{"line":16,"column":null}},"loc":{"start":{"line":23,"column":35},"end":{"line":24,"column":6}}},"1":{"name":"(anonymous_1)","decl":{"start":{"line":26,"column":2},"end":{"line":26,"column":8}},"loc":{"start":{"line":26,"column":37},"end":{"line":73,"column":3}}}},"branchMap":{"0":{"loc":{"start":{"line":28,"column":4},"end":{"line":32,"column":5}},"type":"if","locations":[{"start":{"line":28,"column":4},"end":{"line":32,"column":5}}]},"1":{"loc":{"start":{"line":35,"column":4},"end":{"line":39,"column":5}},"type":"if","locations":[{"start":{"line":35,"column":4},"end":{"line":39,"column":5}}]},"2":{"loc":{"start":{"line":42,"column":4},"end":{"line":46,"column":5}},"type":"if","locations":[{"start":{"line":42,"column":4},"end":{"line":46,"column":5}}]},"3":{"loc":{"start":{"line":49,"column":4},"end":{"line":53,"column":5}},"type":"if","locations":[{"start":{"line":49,"column":4},"end":{"line":53,"column":5}}]},"4":{"loc":{"start":{"line":56,"column":4},"end":{"line":60,"column":5}},"type":"if","locations":[{"start":{"line":56,"column":4},"end":{"line":60,"column":5}}]}},"s":{"0":3,"1":3,"2":3,"3":3,"4":3,"5":3,"6":4,"7":4,"8":4,"9":4,"10":4,"11":4,"12":4,"13":8,"14":8,"15":0,"16":8,"17":8,"18":2,"19":6,"20":6,"21":0,"22":6,"23":6,"24":1,"25":5,"26":5,"27":1,"28":4,"29":3},"f":{"0":4,"1":8},"b":{"0":[0],"1":[2],"2":[0],"3":[1],"4":[1]}}
,"/Users/murilolodovico/Desktop/projects/clean-wallet/src/domain/wallet/ports/wallet-repository.port.ts": {"path":"/Users/murilolodovico/Desktop/projects/clean-wallet/src/domain/wallet/ports/wallet-repository.port.ts","statementMap":{"0":{"start":{"line":14,"column":0},"end":{"line":14,"column":22}}},"fnMap":{},"branchMap":{},"s":{"0":2},"f":{},"b":{}}
,"/Users/murilolodovico/Desktop/projects/clean-wallet/src/infrastructure/repositories/BalanceRepository.ts": {"path":"/Users/murilolodovico/Desktop/projects/clean-wallet/src/infrastructure/repositories/BalanceRepository.ts","statementMap":{"0":{"start":{"line":1,"column":0},"end":{"line":1,"column":44}},"1":{"start":{"line":2,"column":0},"end":{"line":2,"column":51}},"2":{"start":{"line":3,"column":0},"end":{"line":3,"column":37}},"3":{"start":{"line":5,"column":0},"end":{"line":5,"column":58}},"4":{"start":{"line":6,"column":0},"end":{"line":6,"column":68}},"5":{"start":{"line":14,"column":7},"end":{"line":35,"column":null}},"6":{"start":{"line":17,"column":21},"end":{"line":17,"column":33}},"7":{"start":{"line":21,"column":18},"end":{"line":21,"column":69}},"8":{"start":{"line":21,"column":40},"end":{"line":21,"column":68}},"9":{"start":{"line":23,"column":4},"end":{"line":33,"column":6}},"10":{"start":{"line":14,"column":13},"end":{"line":14,"column":30}},"11":{"start":{"line":14,"column":13},"end":{"line":35,"column":null}}},"fnMap":{"0":{"name":"(anonymous_4)","decl":{"start":{"line":15,"column":2},"end":{"line":15,"column":null}},"loc":{"start":{"line":17,"column":58},"end":{"line":18,"column":6}}},"1":{"name":"(anonymous_5)","decl":{"start":{"line":20,"column":2},"end":{"line":20,"column":7}},"loc":{"start":{"line":20,"column":45},"end":{"line":34,"column":3}}},"2":{"name":"(anonymous_6)","decl":{"start":{"line":21,"column":34},"end":{"line":21,"column":37}},"loc":{"start":{"line":21,"column":40},"end":{"line":21,"column":68}}}},"branchMap":{},"s":{"0":1,"1":1,"2":1,"3":1,"4":1,"5":1,"6":1,"7":1,"8":1,"9":1,"10":1,"11":1},"f":{"0":1,"1":1,"2":1},"b":{}}
,"/Users/murilolodovico/Desktop/projects/clean-wallet/src/infrastructure/repositories/ClientRepository.ts": {"path":"/Users/murilolodovico/Desktop/projects/clean-wallet/src/infrastructure/repositories/ClientRepository.ts","statementMap":{"0":{"start":{"line":1,"column":0},"end":{"line":1,"column":44}},"1":{"start":{"line":2,"column":0},"end":{"line":2,"column":51}},"2":{"start":{"line":3,"column":0},"end":{"line":3,"column":37}},"3":{"start":{"line":5,"column":0},"end":{"line":5,"column":58}},"4":{"start":{"line":6,"column":0},"end":{"line":6,"column":52}},"5":{"start":{"line":7,"column":0},"end":{"line":7,"column":75}},"6":{"start":{"line":15,"column":7},"end":{"line":106,"column":null}},"7":{"start":{"line":18,"column":21},"end":{"line":18,"column":33}},"8":{"start":{"line":22,"column":18},"end":{"line":22,"column":69}},"9":{"start":{"line":22,"column":40},"end":{"line":22,"column":68}},"10":{"start":{"line":24,"column":4},"end":{"line":24,"column":37}},"11":{"start":{"line":31,"column":21},"end":{"line":32,"column":null}},"12":{"start":{"line":32,"column":6},"end":{"line":32,"column":45}},"13":{"start":{"line":35,"column":4},"end":{"line":37,"column":5}},"14":{"start":{"line":36,"column":6},"end":{"line":36,"column":42}},"15":{"start":{"line":39,"column":4},"end":{"line":39,"column":32}},"16":{"start":{"line":40,"column":4},"end":{"line":40,"column":34}},"17":{"start":{"line":41,"column":4},"end":{"line":41,"column":34}},"18":{"start":{"line":42,"column":4},"end":{"line":42,"column":42}},"19":{"start":{"line":43,"column":4},"end":{"line":43,"column":40}},"20":{"start":{"line":44,"column":4},"end":{"line":44,"column":40}},"21":{"start":{"line":45,"column":4},"end":{"line":45,"column":36}},"22":{"start":{"line":47,"column":18},"end":{"line":47,"column":71}},"23":{"start":{"line":47,"column":40},"end":{"line":47,"column":70}},"24":{"start":{"line":49,"column":4},"end":{"line":49,"column":37}},"25":{"start":{"line":53,"column":19},"end":{"line":54,"column":null}},"26":{"start":{"line":54,"column":6},"end":{"line":54,"column":45}},"27":{"start":{"line":57,"column":4},"end":{"line":57,"column":49}},"28":{"start":{"line":61,"column":19},"end":{"line":62,"column":null}},"29":{"start":{"line":62,"column":6},"end":{"line":62,"column":45}},"30":{"start":{"line":65,"column":4},"end":{"line":65,"column":49}},"31":{"start":{"line":69,"column":4},"end":{"line":81,"column":6}},"32":{"start":{"line":85,"column":19},"end":{"line":96,"column":6}},"33":{"start":{"line":98,"column":4},"end":{"line":102,"column":5}},"34":{"start":{"line":99,"column":6},"end":{"line":101,"column":8}},"35":{"start":{"line":104,"column":4},"end":{"line":104,"column":29}},"36":{"start":{"line":15,"column":13},"end":{"line":15,"column":29}},"37":{"start":{"line":15,"column":13},"end":{"line":106,"column":null}}},"fnMap":{"0":{"name":"(anonymous_4)","decl":{"start":{"line":16,"column":2},"end":{"line":16,"column":null}},"loc":{"start":{"line":18,"column":57},"end":{"line":19,"column":6}}},"1":{"name":"(anonymous_5)","decl":{"start":{"line":21,"column":2},"end":{"line":21,"column":7}},"loc":{"start":{"line":21,"column":44},"end":{"line":25,"column":3}}},"2":{"name":"(anonymous_6)","decl":{"start":{"line":22,"column":34},"end":{"line":22,"column":37}},"loc":{"start":{"line":22,"column":40},"end":{"line":22,"column":68}}},"3":{"name":"(anonymous_7)","decl":{"start":{"line":27,"column":2},"end":{"line":27,"column":7}},"loc":{"start":{"line":29,"column":35},"end":{"line":50,"column":3}}},"4":{"name":"(anonymous_8)","decl":{"start":{"line":31,"column":37},"end":{"line":31,"column":40}},"loc":{"start":{"line":32,"column":6},"end":{"line":32,"column":45}}},"5":{"name":"(anonymous_9)","decl":{"start":{"line":47,"column":34},"end":{"line":47,"column":37}},"loc":{"start":{"line":47,"column":40},"end":{"line":47,"column":70}}},"6":{"name":"(anonymous_10)","decl":{"start":{"line":52,"column":2},"end":{"line":52,"column":7}},"loc":{"start":{"line":52,"column":33},"end":{"line":58,"column":3}}},"7":{"name":"(anonymous_11)","decl":{"start":{"line":53,"column":35},"end":{"line":53,"column":38}},"loc":{"start":{"line":54,"column":6},"end":{"line":54,"column":45}}},"8":{"name":"(anonymous_12)","decl":{"start":{"line":60,"column":2},"end":{"line":60,"column":7}},"loc":{"start":{"line":60,"column":39},"end":{"line":66,"column":3}}},"9":{"name":"(anonymous_13)","decl":{"start":{"line":61,"column":35},"end":{"line":61,"column":38}},"loc":{"start":{"line":62,"column":6},"end":{"line":62,"column":45}}},"10":{"name":"(anonymous_14)","decl":{"start":{"line":68,"column":10},"end":{"line":68,"column":23}},"loc":{"start":{"line":68,"column":43},"end":{"line":82,"column":3}}},"11":{"name":"(anonymous_15)","decl":{"start":{"line":84,"column":10},"end":{"line":84,"column":18}},"loc":{"start":{"line":84,"column":39},"end":{"line":105,"column":3}}}},"branchMap":{"0":{"loc":{"start":{"line":35,"column":4},"end":{"line":37,"column":5}},"type":"if","locations":[{"start":{"line":35,"column":4},"end":{"line":37,"column":5}}]},"1":{"loc":{"start":{"line":57,"column":11},"end":{"line":57,"column":48}},"type":"cond-expr","locations":[{"start":{"line":57,"column":20},"end":{"line":57,"column":41}},{"start":{"line":57,"column":44},"end":{"line":57,"column":48}}]},"2":{"loc":{"start":{"line":65,"column":11},"end":{"line":65,"column":48}},"type":"cond-expr","locations":[{"start":{"line":65,"column":20},"end":{"line":65,"column":41}},{"start":{"line":65,"column":44},"end":{"line":65,"column":48}}]},"3":{"loc":{"start":{"line":98,"column":4},"end":{"line":102,"column":5}},"type":"if","locations":[{"start":{"line":98,"column":4},"end":{"line":102,"column":5}}]}},"s":{"0":1,"1":1,"2":1,"3":1,"4":1,"5":1,"6":1,"7":8,"8":1,"9":1,"10":1,"11":2,"12":2,"13":2,"14":1,"15":1,"16":1,"17":1,"18":1,"19":1,"20":1,"21":1,"22":1,"23":1,"24":1,"25":3,"26":3,"27":3,"28":2,"29":2,"30":2,"31":2,"32":3,"33":3,"34":1,"35":2,"36":1,"37":1},"f":{"0":8,"1":1,"2":1,"3":2,"4":2,"5":1,"6":3,"7":3,"8":2,"9":2,"10":2,"11":3},"b":{"0":[1],"1":[2,1],"2":[1,1],"3":[1]}}
,"/Users/murilolodovico/Desktop/projects/clean-wallet/src/infrastructure/repositories/WalletRepository.ts": {"path":"/Users/murilolodovico/Desktop/projects/clean-wallet/src/infrastructure/repositories/WalletRepository.ts","statementMap":{"0":{"start":{"line":1,"column":0},"end":{"line":1,"column":44}},"1":{"start":{"line":2,"column":0},"end":{"line":2,"column":51}},"2":{"start":{"line":3,"column":0},"end":{"line":3,"column":37}},"3":{"start":{"line":5,"column":0},"end":{"line":5,"column":58}},"4":{"start":{"line":6,"column":0},"end":{"line":6,"column":65}},"5":{"start":{"line":14,"column":7},"end":{"line":33,"column":null}},"6":{"start":{"line":17,"column":21},"end":{"line":17,"column":33}},"7":{"start":{"line":21,"column":18},"end":{"line":21,"column":69}},"8":{"start":{"line":21,"column":40},"end":{"line":21,"column":68}},"9":{"start":{"line":23,"column":4},"end":{"line":31,"column":6}},"10":{"start":{"line":14,"column":13},"end":{"line":14,"column":29}},"11":{"start":{"line":14,"column":13},"end":{"line":33,"column":null}}},"fnMap":{"0":{"name":"(anonymous_4)","decl":{"start":{"line":15,"column":2},"end":{"line":15,"column":null}},"loc":{"start":{"line":17,"column":57},"end":{"line":18,"column":6}}},"1":{"name":"(anonymous_5)","decl":{"start":{"line":20,"column":2},"end":{"line":20,"column":7}},"loc":{"start":{"line":20,"column":44},"end":{"line":32,"column":3}}},"2":{"name":"(anonymous_6)","decl":{"start":{"line":21,"column":34},"end":{"line":21,"column":37}},"loc":{"start":{"line":21,"column":40},"end":{"line":21,"column":68}}}},"branchMap":{},"s":{"0":1,"1":1,"2":1,"3":1,"4":1,"5":1,"6":1,"7":1,"8":1,"9":1,"10":1,"11":1},"f":{"0":1,"1":1,"2":1},"b":{}}
,"/Users/murilolodovico/Desktop/projects/clean-wallet/src/presentation/balance/balance.service.ts": {"path":"/Users/murilolodovico/Desktop/projects/clean-wallet/src/presentation/balance/balance.service.ts","statementMap":{"0":{"start":{"line":1,"column":0},"end":{"line":1,"column":44}},"1":{"start":{"line":3,"column":0},"end":{"line":3,"column":null}},"2":{"start":{"line":10,"column":7},"end":{"line":24,"column":null}},"3":{"start":{"line":11,"column":32},"end":{"line":11,"column":34}},"4":{"start":{"line":13,"column":31},"end":{"line":13,"column":53}},"5":{"start":{"line":16,"column":4},"end":{"line":16,"column":25}},"6":{"start":{"line":20,"column":23},"end":{"line":20,"column":75}},"7":{"start":{"line":21,"column":4},"end":{"line":21,"column":35}},"8":{"start":{"line":22,"column":4},"end":{"line":22,"column":22}},"9":{"start":{"line":10,"column":13},"end":{"line":10,"column":27}},"10":{"start":{"line":10,"column":13},"end":{"line":24,"column":null}}},"fnMap":{"0":{"name":"(anonymous_2)","decl":{"start":{"line":13,"column":2},"end":{"line":13,"column":31}},"loc":{"start":{"line":13,"column":73},"end":{"line":13,"column":77}}},"1":{"name":"(anonymous_3)","decl":{"start":{"line":15,"column":2},"end":{"line":15,"column":9}},"loc":{"start":{"line":15,"column":9},"end":{"line":17,"column":3}}},"2":{"name":"(anonymous_4)","decl":{"start":{"line":19,"column":2},"end":{"line":19,"column":7}},"loc":{"start":{"line":19,"column":46},"end":{"line":23,"column":3}}}},"branchMap":{},"s":{"0":1,"1":1,"2":1,"3":2,"4":2,"5":2,"6":1,"7":1,"8":1,"9":1,"10":1},"f":{"0":2,"1":2,"2":1},"b":{}}
,"/Users/murilolodovico/Desktop/projects/clean-wallet/src/presentation/client/client.service.ts": {"path":"/Users/murilolodovico/Desktop/projects/clean-wallet/src/presentation/client/client.service.ts","statementMap":{"0":{"start":{"line":1,"column":0},"end":{"line":1,"column":44}},"1":{"start":{"line":3,"column":0},"end":{"line":3,"column":null}},"2":{"start":{"line":7,"column":0},"end":{"line":7,"column":80}},"3":{"start":{"line":8,"column":0},"end":{"line":8,"column":null}},"4":{"start":{"line":15,"column":7},"end":{"line":44,"column":null}},"5":{"start":{"line":16,"column":30},"end":{"line":16,"column":32}},"6":{"start":{"line":19,"column":21},"end":{"line":19,"column":42}},"7":{"start":{"line":20,"column":21},"end":{"line":20,"column":39}},"8":{"start":{"line":21,"column":21},"end":{"line":21,"column":42}},"9":{"start":{"line":25,"column":4},"end":{"line":25,"column":24}},"10":{"start":{"line":29,"column":22},"end":{"line":29,"column":72}},"11":{"start":{"line":30,"column":4},"end":{"line":30,"column":33}},"12":{"start":{"line":31,"column":4},"end":{"line":31,"column":21}},"13":{"start":{"line":35,"column":4},"end":{"line":35,"column":45}},"14":{"start":{"line":42,"column":4},"end":{"line":42,"column":67}},"15":{"start":{"line":15,"column":13},"end":{"line":15,"column":26}},"16":{"start":{"line":15,"column":13},"end":{"line":44,"column":null}}},"fnMap":{"0":{"name":"(anonymous_2)","decl":{"start":{"line":18,"column":2},"end":{"line":18,"column":null}},"loc":{"start":{"line":21,"column":61},"end":{"line":22,"column":6}}},"1":{"name":"(anonymous_3)","decl":{"start":{"line":24,"column":2},"end":{"line":24,"column":9}},"loc":{"start":{"line":24,"column":9},"end":{"line":26,"column":3}}},"2":{"name":"(anonymous_4)","decl":{"start":{"line":28,"column":2},"end":{"line":28,"column":7}},"loc":{"start":{"line":28,"column":44},"end":{"line":32,"column":3}}},"3":{"name":"(anonymous_5)","decl":{"start":{"line":34,"column":2},"end":{"line":34,"column":9}},"loc":{"start":{"line":34,"column":20},"end":{"line":36,"column":3}}},"4":{"name":"(anonymous_6)","decl":{"start":{"line":38,"column":2},"end":{"line":38,"column":8}},"loc":{"start":{"line":40,"column":45},"end":{"line":43,"column":3}}}},"branchMap":{},"s":{"0":1,"1":1,"2":1,"3":1,"4":1,"5":4,"6":4,"7":4,"8":4,"9":2,"10":1,"11":1,"12":1,"13":1,"14":1,"15":1,"16":1},"f":{"0":4,"1":2,"2":1,"3":1,"4":1},"b":{}}
,"/Users/murilolodovico/Desktop/projects/clean-wallet/src/presentation/wallet/wallet.service.ts": {"path":"/Users/murilolodovico/Desktop/projects/clean-wallet/src/presentation/wallet/wallet.service.ts","statementMap":{"0":{"start":{"line":1,"column":0},"end":{"line":1,"column":44}},"1":{"start":{"line":3,"column":0},"end":{"line":3,"column":null}},"2":{"start":{"line":10,"column":7},"end":{"line":24,"column":null}},"3":{"start":{"line":11,"column":30},"end":{"line":11,"column":32}},"4":{"start":{"line":13,"column":31},"end":{"line":13,"column":52}},"5":{"start":{"line":16,"column":4},"end":{"line":16,"column":24}},"6":{"start":{"line":20,"column":22},"end":{"line":20,"column":72}},"7":{"start":{"line":21,"column":4},"end":{"line":21,"column":33}},"8":{"start":{"line":22,"column":4},"end":{"line":22,"column":21}},"9":{"start":{"line":10,"column":13},"end":{"line":10,"column":26}},"10":{"start":{"line":10,"column":13},"end":{"line":24,"column":null}}},"fnMap":{"0":{"name":"(anonymous_2)","decl":{"start":{"line":13,"column":2},"end":{"line":13,"column":31}},"loc":{"start":{"line":13,"column":71},"end":{"line":13,"column":75}}},"1":{"name":"(anonymous_3)","decl":{"start":{"line":15,"column":2},"end":{"line":15,"column":9}},"loc":{"start":{"line":15,"column":9},"end":{"line":17,"column":3}}},"2":{"name":"(anonymous_4)","decl":{"start":{"line":19,"column":2},"end":{"line":19,"column":7}},"loc":{"start":{"line":19,"column":44},"end":{"line":23,"column":3}}}},"branchMap":{},"s":{"0":1,"1":1,"2":1,"3":2,"4":2,"5":2,"6":1,"7":1,"8":1,"9":1,"10":1},"f":{"0":2,"1":2,"2":1},"b":{}}
,"/Users/murilolodovico/Desktop/projects/clean-wallet/src/shared/utils/Result.ts": {"path":"/Users/murilolodovico/Desktop/projects/clean-wallet/src/shared/utils/Result.ts","statementMap":{"0":{"start":{"line":8,"column":4},"end":{"line":8,"column":31}},"1":{"start":{"line":9,"column":4},"end":{"line":9,"column":32}},"2":{"start":{"line":10,"column":4},"end":{"line":10,"column":24}},"3":{"start":{"line":11,"column":4},"end":{"line":11,"column":24}},"4":{"start":{"line":13,"column":4},"end":{"line":17,"column":5}},"5":{"start":{"line":14,"column":6},"end":{"line":16,"column":8}},"6":{"start":{"line":19,"column":4},"end":{"line":23,"column":5}},"7":{"start":{"line":20,"column":6},"end":{"line":22,"column":8}},"8":{"start":{"line":27,"column":4},"end":{"line":29,"column":5}},"9":{"start":{"line":28,"column":6},"end":{"line":28,"column":65}},"10":{"start":{"line":31,"column":4},"end":{"line":31,"column":24}},"11":{"start":{"line":35,"column":4},"end":{"line":37,"column":5}},"12":{"start":{"line":36,"column":6},"end":{"line":36,"column":69}},"13":{"start":{"line":39,"column":4},"end":{"line":39,"column":24}},"14":{"start":{"line":43,"column":4},"end":{"line":43,"column":38}},"15":{"start":{"line":47,"column":4},"end":{"line":47,"column":50}},"16":{"start":{"line":1,"column":0},"end":{"line":1,"column":13}}},"fnMap":{"0":{"name":"(anonymous_0)","decl":{"start":{"line":7,"column":2},"end":{"line":7,"column":22}},"loc":{"start":{"line":7,"column":67},"end":{"line":24,"column":3}}},"1":{"name":"(anonymous_1)","decl":{"start":{"line":26,"column":9},"end":{"line":26,"column":17}},"loc":{"start":{"line":26,"column":17},"end":{"line":32,"column":3}}},"2":{"name":"(anonymous_2)","decl":{"start":{"line":34,"column":9},"end":{"line":34,"column":17}},"loc":{"start":{"line":34,"column":17},"end":{"line":40,"column":3}}},"3":{"name":"(anonymous_3)","decl":{"start":{"line":42,"column":9},"end":{"line":42,"column":15}},"loc":{"start":{"line":42,"column":31},"end":{"line":44,"column":3}}},"4":{"name":"(anonymous_4)","decl":{"start":{"line":46,"column":9},"end":{"line":46,"column":15}},"loc":{"start":{"line":46,"column":37},"end":{"line":48,"column":3}}}},"branchMap":{"0":{"loc":{"start":{"line":13,"column":4},"end":{"line":17,"column":5}},"type":"if","locations":[{"start":{"line":13,"column":4},"end":{"line":17,"column":5}}]},"1":{"loc":{"start":{"line":13,"column":8},"end":{"line":13,"column":26}},"type":"binary-expr","locations":[{"start":{"line":13,"column":8},"end":{"line":13,"column":17}},{"start":{"line":13,"column":21},"end":{"line":13,"column":26}}]},"2":{"loc":{"start":{"line":19,"column":4},"end":{"line":23,"column":5}},"type":"if","locations":[{"start":{"line":19,"column":4},"end":{"line":23,"column":5}}]},"3":{"loc":{"start":{"line":19,"column":8},"end":{"line":19,"column":28}},"type":"binary-expr","locations":[{"start":{"line":19,"column":8},"end":{"line":19,"column":18}},{"start":{"line":19,"column":22},"end":{"line":19,"column":28}}]},"4":{"loc":{"start":{"line":27,"column":4},"end":{"line":29,"column":5}},"type":"if","locations":[{"start":{"line":27,"column":4},"end":{"line":29,"column":5}}]},"5":{"loc":{"start":{"line":35,"column":4},"end":{"line":37,"column":5}},"type":"if","locations":[{"start":{"line":35,"column":4},"end":{"line":37,"column":5}}]}},"s":{"0":472,"1":472,"2":472,"3":472,"4":472,"5":0,"6":472,"7":0,"8":378,"9":1,"10":377,"11":35,"12":1,"13":34,"14":437,"15":35,"16":13},"f":{"0":472,"1":378,"2":35,"3":437,"4":35},"b":{"0":[0],"1":[472,437],"2":[0],"3":[472,35],"4":[1],"5":[1]}}
}
