{"/Users/murilolodovico/Desktop/projects/clean-wallet/src/application/balance/create-balance.use-case.ts": {"path":"/Users/murilolodovico/Desktop/projects/clean-wallet/src/application/balance/create-balance.use-case.ts","statementMap":{"0":{"start":{"line":1,"column":0},"end":{"line":1,"column":null}},"1":{"start":{"line":7,"column":0},"end":{"line":7,"column":55}},"2":{"start":{"line":8,"column":0},"end":{"line":8,"column":null}},"3":{"start":{"line":23,"column":7},"end":{"line":55,"column":null}},"4":{"start":{"line":24,"column":31},"end":{"line":24,"column":50}},"5":{"start":{"line":27,"column":26},"end":{"line":27,"column":47}},"6":{"start":{"line":29,"column":4},"end":{"line":31,"column":5}},"7":{"start":{"line":30,"column":6},"end":{"line":30,"column":62}},"8":{"start":{"line":33,"column":20},"end":{"line":33,"column":44}},"9":{"start":{"line":35,"column":4},"end":{"line":39,"column":5}},"10":{"start":{"line":36,"column":6},"end":{"line":36,"column":75}},"11":{"start":{"line":38,"column":6},"end":{"line":38,"column":73}},"12":{"start":{"line":41,"column":4},"end":{"line":41,"column":19}},"13":{"start":{"line":45,"column":4},"end":{"line":53,"column":6}},"14":{"start":{"line":23,"column":13},"end":{"line":23,"column":33}},"15":{"start":{"line":23,"column":13},"end":{"line":55,"column":null}}},"fnMap":{"0":{"name":"(anonymous_2)","decl":{"start":{"line":24,"column":2},"end":{"line":24,"column":31}},"loc":{"start":{"line":24,"column":71},"end":{"line":24,"column":75}}},"1":{"name":"(anonymous_3)","decl":{"start":{"line":26,"column":2},"end":{"line":26,"column":7}},"loc":{"start":{"line":26,"column":41},"end":{"line":42,"column":3}}},"2":{"name":"(anonymous_4)","decl":{"start":{"line":44,"column":10},"end":{"line":44,"column":29}},"loc":{"start":{"line":44,"column":46},"end":{"line":54,"column":3}}}},"branchMap":{"0":{"loc":{"start":{"line":29,"column":4},"end":{"line":31,"column":5}},"type":"if","locations":[{"start":{"line":29,"column":4},"end":{"line":31,"column":5}}]}},"s":{"0":2,"1":2,"2":2,"3":2,"4":3,"5":3,"6":3,"7":1,"8":2,"9":2,"10":2,"11":1,"12":1,"13":2,"14":2,"15":2},"f":{"0":3,"1":3,"2":2},"b":{"0":[1]}}
,"/Users/murilolodovico/Desktop/projects/clean-wallet/src/application/client/create-client.use-case.ts": {"path":"/Users/murilolodovico/Desktop/projects/clean-wallet/src/application/client/create-client.use-case.ts","statementMap":{"0":{"start":{"line":1,"column":0},"end":{"line":1,"column":null}},"1":{"start":{"line":7,"column":0},"end":{"line":7,"column":52}},"2":{"start":{"line":8,"column":0},"end":{"line":8,"column":null}},"3":{"start":{"line":24,"column":7},"end":{"line":69,"column":null}},"4":{"start":{"line":25,"column":31},"end":{"line":25,"column":49}},"5":{"start":{"line":29,"column":6},"end":{"line":31,"column":25}},"6":{"start":{"line":33,"column":25},"end":{"line":41,"column":6}},"7":{"start":{"line":43,"column":4},"end":{"line":45,"column":5}},"8":{"start":{"line":44,"column":6},"end":{"line":44,"column":61}},"9":{"start":{"line":47,"column":19},"end":{"line":47,"column":42}},"10":{"start":{"line":49,"column":4},"end":{"line":53,"column":5}},"11":{"start":{"line":50,"column":6},"end":{"line":50,"column":73}},"12":{"start":{"line":52,"column":6},"end":{"line":52,"column":72}},"13":{"start":{"line":55,"column":4},"end":{"line":55,"column":18}},"14":{"start":{"line":59,"column":4},"end":{"line":67,"column":6}},"15":{"start":{"line":24,"column":13},"end":{"line":24,"column":32}},"16":{"start":{"line":24,"column":13},"end":{"line":69,"column":null}}},"fnMap":{"0":{"name":"(anonymous_2)","decl":{"start":{"line":25,"column":2},"end":{"line":25,"column":31}},"loc":{"start":{"line":25,"column":69},"end":{"line":25,"column":73}}},"1":{"name":"(anonymous_3)","decl":{"start":{"line":27,"column":2},"end":{"line":27,"column":7}},"loc":{"start":{"line":27,"column":40},"end":{"line":56,"column":3}}},"2":{"name":"(anonymous_4)","decl":{"start":{"line":58,"column":10},"end":{"line":58,"column":29}},"loc":{"start":{"line":58,"column":44},"end":{"line":68,"column":3}}}},"branchMap":{"0":{"loc":{"start":{"line":29,"column":6},"end":{"line":31,"column":25}},"type":"cond-expr","locations":[{"start":{"line":30,"column":10},"end":{"line":30,"column":35}},{"start":{"line":31,"column":10},"end":{"line":31,"column":25}}]},"1":{"loc":{"start":{"line":43,"column":4},"end":{"line":45,"column":5}},"type":"if","locations":[{"start":{"line":43,"column":4},"end":{"line":45,"column":5}}]}},"s":{"0":2,"1":2,"2":2,"3":2,"4":4,"5":4,"6":4,"7":4,"8":1,"9":3,"10":3,"11":3,"12":1,"13":2,"14":3,"15":2,"16":2},"f":{"0":4,"1":4,"2":3},"b":{"0":[1,3],"1":[1]}}
,"/Users/murilolodovico/Desktop/projects/clean-wallet/src/application/wallet/create-wallet.use-case.ts": {"path":"/Users/murilolodovico/Desktop/projects/clean-wallet/src/application/wallet/create-wallet.use-case.ts","statementMap":{"0":{"start":{"line":1,"column":0},"end":{"line":1,"column":null}},"1":{"start":{"line":7,"column":0},"end":{"line":7,"column":52}},"2":{"start":{"line":8,"column":0},"end":{"line":8,"column":null}},"3":{"start":{"line":21,"column":7},"end":{"line":51,"column":null}},"4":{"start":{"line":22,"column":31},"end":{"line":22,"column":49}},"5":{"start":{"line":25,"column":25},"end":{"line":25,"column":45}},"6":{"start":{"line":27,"column":4},"end":{"line":29,"column":5}},"7":{"start":{"line":28,"column":6},"end":{"line":28,"column":61}},"8":{"start":{"line":31,"column":19},"end":{"line":31,"column":42}},"9":{"start":{"line":33,"column":4},"end":{"line":37,"column":5}},"10":{"start":{"line":34,"column":6},"end":{"line":34,"column":73}},"11":{"start":{"line":36,"column":6},"end":{"line":36,"column":72}},"12":{"start":{"line":39,"column":4},"end":{"line":39,"column":18}},"13":{"start":{"line":43,"column":4},"end":{"line":49,"column":6}},"14":{"start":{"line":21,"column":13},"end":{"line":21,"column":32}},"15":{"start":{"line":21,"column":13},"end":{"line":51,"column":null}}},"fnMap":{"0":{"name":"(anonymous_2)","decl":{"start":{"line":22,"column":2},"end":{"line":22,"column":31}},"loc":{"start":{"line":22,"column":69},"end":{"line":22,"column":73}}},"1":{"name":"(anonymous_3)","decl":{"start":{"line":24,"column":2},"end":{"line":24,"column":7}},"loc":{"start":{"line":24,"column":40},"end":{"line":40,"column":3}}},"2":{"name":"(anonymous_4)","decl":{"start":{"line":42,"column":10},"end":{"line":42,"column":29}},"loc":{"start":{"line":42,"column":44},"end":{"line":50,"column":3}}}},"branchMap":{"0":{"loc":{"start":{"line":27,"column":4},"end":{"line":29,"column":5}},"type":"if","locations":[{"start":{"line":27,"column":4},"end":{"line":29,"column":5}}]}},"s":{"0":2,"1":2,"2":2,"3":2,"4":3,"5":3,"6":3,"7":1,"8":2,"9":2,"10":2,"11":1,"12":1,"13":2,"14":2,"15":2},"f":{"0":3,"1":3,"2":2},"b":{"0":[1]}}
,"/Users/murilolodovico/Desktop/projects/clean-wallet/src/domain/balance/Balance.ts": {"path":"/Users/murilolodovico/Desktop/projects/clean-wallet/src/domain/balance/Balance.ts","statementMap":{"0":{"start":{"line":1,"column":0},"end":{"line":1,"column":51}},"1":{"start":{"line":2,"column":0},"end":{"line":2,"column":37}},"2":{"start":{"line":3,"column":0},"end":{"line":3,"column":43}},"3":{"start":{"line":4,"column":0},"end":{"line":4,"column":41}},"4":{"start":{"line":5,"column":0},"end":{"line":5,"column":47}},"5":{"start":{"line":6,"column":0},"end":{"line":6,"column":53}},"6":{"start":{"line":7,"column":0},"end":{"line":7,"column":55}},"7":{"start":{"line":8,"column":0},"end":{"line":8,"column":51}},"8":{"start":{"line":21,"column":20},"end":{"line":21,"column":33}},"9":{"start":{"line":22,"column":20},"end":{"line":22,"column":34}},"10":{"start":{"line":23,"column":20},"end":{"line":23,"column":50}},"11":{"start":{"line":24,"column":20},"end":{"line":24,"column":38}},"12":{"start":{"line":25,"column":20},"end":{"line":25,"column":52}},"13":{"start":{"line":26,"column":20},"end":{"line":26,"column":48}},"14":{"start":{"line":27,"column":20},"end":{"line":27,"column":44}},"15":{"start":{"line":28,"column":20},"end":{"line":28,"column":35}},"16":{"start":{"line":29,"column":20},"end":{"line":29,"column":35}},"17":{"start":{"line":33,"column":25},"end":{"line":33,"column":52}},"18":{"start":{"line":34,"column":4},"end":{"line":36,"column":5}},"19":{"start":{"line":35,"column":6},"end":{"line":35,"column":80}},"20":{"start":{"line":38,"column":33},"end":{"line":38,"column":76}},"21":{"start":{"line":39,"column":4},"end":{"line":43,"column":5}},"22":{"start":{"line":40,"column":6},"end":{"line":42,"column":8}},"23":{"start":{"line":45,"column":27},"end":{"line":45,"column":58}},"24":{"start":{"line":46,"column":4},"end":{"line":50,"column":5}},"25":{"start":{"line":47,"column":6},"end":{"line":49,"column":8}},"26":{"start":{"line":52,"column":34},"end":{"line":52,"column":79}},"27":{"start":{"line":53,"column":4},"end":{"line":57,"column":5}},"28":{"start":{"line":54,"column":6},"end":{"line":56,"column":8}},"29":{"start":{"line":59,"column":32},"end":{"line":59,"column":73}},"30":{"start":{"line":60,"column":4},"end":{"line":64,"column":5}},"31":{"start":{"line":61,"column":6},"end":{"line":63,"column":8}},"32":{"start":{"line":66,"column":30},"end":{"line":66,"column":67}},"33":{"start":{"line":67,"column":4},"end":{"line":71,"column":5}},"34":{"start":{"line":68,"column":6},"end":{"line":70,"column":8}},"35":{"start":{"line":73,"column":4},"end":{"line":85,"column":6}},"36":{"start":{"line":19,"column":0},"end":{"line":19,"column":13}}},"fnMap":{"0":{"name":"(anonymous_0)","decl":{"start":{"line":20,"column":2},"end":{"line":20,"column":null}},"loc":{"start":{"line":29,"column":35},"end":{"line":30,"column":6}}},"1":{"name":"(anonymous_1)","decl":{"start":{"line":32,"column":2},"end":{"line":32,"column":8}},"loc":{"start":{"line":32,"column":38},"end":{"line":86,"column":3}}}},"branchMap":{"0":{"loc":{"start":{"line":34,"column":4},"end":{"line":36,"column":5}},"type":"if","locations":[{"start":{"line":34,"column":4},"end":{"line":36,"column":5}}]},"1":{"loc":{"start":{"line":39,"column":4},"end":{"line":43,"column":5}},"type":"if","locations":[{"start":{"line":39,"column":4},"end":{"line":43,"column":5}}]},"2":{"loc":{"start":{"line":46,"column":4},"end":{"line":50,"column":5}},"type":"if","locations":[{"start":{"line":46,"column":4},"end":{"line":50,"column":5}}]},"3":{"loc":{"start":{"line":53,"column":4},"end":{"line":57,"column":5}},"type":"if","locations":[{"start":{"line":53,"column":4},"end":{"line":57,"column":5}}]},"4":{"loc":{"start":{"line":60,"column":4},"end":{"line":64,"column":5}},"type":"if","locations":[{"start":{"line":60,"column":4},"end":{"line":64,"column":5}}]},"5":{"loc":{"start":{"line":67,"column":4},"end":{"line":71,"column":5}},"type":"if","locations":[{"start":{"line":67,"column":4},"end":{"line":71,"column":5}}]}},"s":{"0":3,"1":3,"2":3,"3":3,"4":3,"5":3,"6":3,"7":3,"8":4,"9":4,"10":4,"11":4,"12":4,"13":4,"14":4,"15":4,"16":4,"17":8,"18":8,"19":2,"20":6,"21":6,"22":0,"23":6,"24":6,"25":1,"26":5,"27":5,"28":0,"29":5,"30":5,"31":0,"32":5,"33":5,"34":1,"35":4,"36":3},"f":{"0":4,"1":8},"b":{"0":[2],"1":[0],"2":[1],"3":[0],"4":[0],"5":[1]}}
,"/Users/murilolodovico/Desktop/projects/clean-wallet/src/domain/balance/ports/balance-repository.port.ts": {"path":"/Users/murilolodovico/Desktop/projects/clean-wallet/src/domain/balance/ports/balance-repository.port.ts","statementMap":{"0":{"start":{"line":16,"column":0},"end":{"line":16,"column":22}}},"fnMap":{},"branchMap":{},"s":{"0":2},"f":{},"b":{}}
,"/Users/murilolodovico/Desktop/projects/clean-wallet/src/domain/client/Client.ts": {"path":"/Users/murilolodovico/Desktop/projects/clean-wallet/src/domain/client/Client.ts","statementMap":{"0":{"start":{"line":1,"column":0},"end":{"line":1,"column":49}},"1":{"start":{"line":3,"column":0},"end":{"line":3,"column":43}},"2":{"start":{"line":4,"column":0},"end":{"line":4,"column":41}},"3":{"start":{"line":5,"column":0},"end":{"line":5,"column":35}},"4":{"start":{"line":6,"column":0},"end":{"line":6,"column":33}},"5":{"start":{"line":7,"column":0},"end":{"line":7,"column":41}},"6":{"start":{"line":8,"column":0},"end":{"line":8,"column":35}},"7":{"start":{"line":9,"column":0},"end":{"line":9,"column":37}},"8":{"start":{"line":10,"column":0},"end":{"line":10,"column":53}},"9":{"start":{"line":24,"column":20},"end":{"line":24,"column":32}},"10":{"start":{"line":25,"column":20},"end":{"line":25,"column":30}},"11":{"start":{"line":26,"column":20},"end":{"line":26,"column":32}},"12":{"start":{"line":27,"column":20},"end":{"line":27,"column":32}},"13":{"start":{"line":28,"column":20},"end":{"line":28,"column":40}},"14":{"start":{"line":29,"column":20},"end":{"line":29,"column":44}},"15":{"start":{"line":30,"column":20},"end":{"line":30,"column":38}},"16":{"start":{"line":31,"column":20},"end":{"line":31,"column":34}},"17":{"start":{"line":32,"column":20},"end":{"line":32,"column":35}},"18":{"start":{"line":33,"column":20},"end":{"line":33,"column":35}},"19":{"start":{"line":39,"column":23},"end":{"line":39,"column":46}},"20":{"start":{"line":40,"column":4},"end":{"line":42,"column":5}},"21":{"start":{"line":41,"column":6},"end":{"line":41,"column":75}},"22":{"start":{"line":44,"column":24},"end":{"line":44,"column":49}},"23":{"start":{"line":45,"column":4},"end":{"line":47,"column":5}},"24":{"start":{"line":46,"column":6},"end":{"line":46,"column":77}},"25":{"start":{"line":49,"column":24},"end":{"line":49,"column":49}},"26":{"start":{"line":50,"column":4},"end":{"line":52,"column":5}},"27":{"start":{"line":51,"column":6},"end":{"line":51,"column":77}},"28":{"start":{"line":54,"column":28},"end":{"line":54,"column":61}},"29":{"start":{"line":55,"column":4},"end":{"line":59,"column":5}},"30":{"start":{"line":56,"column":6},"end":{"line":58,"column":8}},"31":{"start":{"line":61,"column":27},"end":{"line":61,"column":64}},"32":{"start":{"line":62,"column":4},"end":{"line":66,"column":5}},"33":{"start":{"line":63,"column":6},"end":{"line":65,"column":8}},"34":{"start":{"line":68,"column":27},"end":{"line":68,"column":58}},"35":{"start":{"line":69,"column":4},"end":{"line":73,"column":5}},"36":{"start":{"line":70,"column":6},"end":{"line":72,"column":8}},"37":{"start":{"line":75,"column":25},"end":{"line":75,"column":52}},"38":{"start":{"line":76,"column":4},"end":{"line":78,"column":5}},"39":{"start":{"line":77,"column":6},"end":{"line":77,"column":79}},"40":{"start":{"line":80,"column":4},"end":{"line":93,"column":6}},"41":{"start":{"line":97,"column":4},"end":{"line":99,"column":5}},"42":{"start":{"line":98,"column":6},"end":{"line":98,"column":50}},"43":{"start":{"line":101,"column":25},"end":{"line":101,"column":48}},"44":{"start":{"line":102,"column":4},"end":{"line":104,"column":5}},"45":{"start":{"line":103,"column":6},"end":{"line":103,"column":79}},"46":{"start":{"line":106,"column":4},"end":{"line":117,"column":6}},"47":{"start":{"line":121,"column":4},"end":{"line":123,"column":5}},"48":{"start":{"line":122,"column":6},"end":{"line":122,"column":52}},"49":{"start":{"line":125,"column":25},"end":{"line":125,"column":50}},"50":{"start":{"line":126,"column":4},"end":{"line":128,"column":5}},"51":{"start":{"line":127,"column":6},"end":{"line":127,"column":78}},"52":{"start":{"line":130,"column":4},"end":{"line":141,"column":6}},"53":{"start":{"line":22,"column":0},"end":{"line":22,"column":13}}},"fnMap":{"0":{"name":"(anonymous_0)","decl":{"start":{"line":23,"column":2},"end":{"line":23,"column":null}},"loc":{"start":{"line":33,"column":35},"end":{"line":34,"column":6}}},"1":{"name":"(anonymous_1)","decl":{"start":{"line":38,"column":2},"end":{"line":38,"column":8}},"loc":{"start":{"line":38,"column":37},"end":{"line":94,"column":3}}},"2":{"name":"(anonymous_2)","decl":{"start":{"line":96,"column":2},"end":{"line":96,"column":8}},"loc":{"start":{"line":96,"column":32},"end":{"line":118,"column":3}}},"3":{"name":"(anonymous_3)","decl":{"start":{"line":120,"column":2},"end":{"line":120,"column":8}},"loc":{"start":{"line":120,"column":34},"end":{"line":142,"column":3}}}},"branchMap":{"0":{"loc":{"start":{"line":40,"column":4},"end":{"line":42,"column":5}},"type":"if","locations":[{"start":{"line":40,"column":4},"end":{"line":42,"column":5}}]},"1":{"loc":{"start":{"line":45,"column":4},"end":{"line":47,"column":5}},"type":"if","locations":[{"start":{"line":45,"column":4},"end":{"line":47,"column":5}}]},"2":{"loc":{"start":{"line":50,"column":4},"end":{"line":52,"column":5}},"type":"if","locations":[{"start":{"line":50,"column":4},"end":{"line":52,"column":5}}]},"3":{"loc":{"start":{"line":55,"column":4},"end":{"line":59,"column":5}},"type":"if","locations":[{"start":{"line":55,"column":4},"end":{"line":59,"column":5}}]},"4":{"loc":{"start":{"line":62,"column":4},"end":{"line":66,"column":5}},"type":"if","locations":[{"start":{"line":62,"column":4},"end":{"line":66,"column":5}}]},"5":{"loc":{"start":{"line":69,"column":4},"end":{"line":73,"column":5}},"type":"if","locations":[{"start":{"line":69,"column":4},"end":{"line":73,"column":5}}]},"6":{"loc":{"start":{"line":76,"column":4},"end":{"line":78,"column":5}},"type":"if","locations":[{"start":{"line":76,"column":4},"end":{"line":78,"column":5}}]},"7":{"loc":{"start":{"line":97,"column":4},"end":{"line":99,"column":5}},"type":"if","locations":[{"start":{"line":97,"column":4},"end":{"line":99,"column":5}}]},"8":{"loc":{"start":{"line":102,"column":4},"end":{"line":104,"column":5}},"type":"if","locations":[{"start":{"line":102,"column":4},"end":{"line":104,"column":5}}]},"9":{"loc":{"start":{"line":121,"column":4},"end":{"line":123,"column":5}},"type":"if","locations":[{"start":{"line":121,"column":4},"end":{"line":123,"column":5}}]},"10":{"loc":{"start":{"line":126,"column":4},"end":{"line":128,"column":5}},"type":"if","locations":[{"start":{"line":126,"column":4},"end":{"line":128,"column":5}}]}},"s":{"0":3,"1":3,"2":3,"3":3,"4":3,"5":3,"6":3,"7":3,"8":3,"9":7,"10":7,"11":7,"12":7,"13":7,"14":7,"15":7,"16":7,"17":7,"18":7,"19":11,"20":11,"21":1,"22":10,"23":10,"24":0,"25":10,"26":10,"27":2,"28":8,"29":8,"30":0,"31":8,"32":8,"33":0,"34":8,"35":8,"36":0,"37":8,"38":8,"39":1,"40":7,"41":0,"42":0,"43":0,"44":0,"45":0,"46":0,"47":0,"48":0,"49":0,"50":0,"51":0,"52":0,"53":3},"f":{"0":7,"1":11,"2":0,"3":0},"b":{"0":[1],"1":[0],"2":[2],"3":[0],"4":[0],"5":[0],"6":[1],"7":[0],"8":[0],"9":[0],"10":[0]}}
,"/Users/murilolodovico/Desktop/projects/clean-wallet/src/domain/client/ports/client-repository.port.ts": {"path":"/Users/murilolodovico/Desktop/projects/clean-wallet/src/domain/client/ports/client-repository.port.ts","statementMap":{"0":{"start":{"line":17,"column":0},"end":{"line":17,"column":22}}},"fnMap":{},"branchMap":{},"s":{"0":2},"f":{},"b":{}}
,"/Users/murilolodovico/Desktop/projects/clean-wallet/src/domain/wallet/Wallet.ts": {"path":"/Users/murilolodovico/Desktop/projects/clean-wallet/src/domain/wallet/Wallet.ts","statementMap":{"0":{"start":{"line":1,"column":0},"end":{"line":1,"column":51}},"1":{"start":{"line":2,"column":0},"end":{"line":2,"column":49}},"2":{"start":{"line":3,"column":0},"end":{"line":3,"column":41}},"3":{"start":{"line":4,"column":0},"end":{"line":4,"column":46}},"4":{"start":{"line":5,"column":0},"end":{"line":5,"column":41}},"5":{"start":{"line":6,"column":0},"end":{"line":6,"column":47}},"6":{"start":{"line":17,"column":20},"end":{"line":17,"column":32}},"7":{"start":{"line":18,"column":20},"end":{"line":18,"column":38}},"8":{"start":{"line":19,"column":20},"end":{"line":19,"column":42}},"9":{"start":{"line":20,"column":20},"end":{"line":20,"column":38}},"10":{"start":{"line":21,"column":20},"end":{"line":21,"column":44}},"11":{"start":{"line":22,"column":20},"end":{"line":22,"column":35}},"12":{"start":{"line":23,"column":20},"end":{"line":23,"column":35}},"13":{"start":{"line":27,"column":27},"end":{"line":27,"column":46}},"14":{"start":{"line":28,"column":4},"end":{"line":32,"column":5}},"15":{"start":{"line":29,"column":6},"end":{"line":31,"column":8}},"16":{"start":{"line":34,"column":29},"end":{"line":34,"column":64}},"17":{"start":{"line":35,"column":4},"end":{"line":39,"column":5}},"18":{"start":{"line":36,"column":6},"end":{"line":38,"column":8}},"19":{"start":{"line":41,"column":27},"end":{"line":41,"column":58}},"20":{"start":{"line":42,"column":4},"end":{"line":46,"column":5}},"21":{"start":{"line":43,"column":6},"end":{"line":45,"column":8}},"22":{"start":{"line":48,"column":30},"end":{"line":48,"column":67}},"23":{"start":{"line":49,"column":4},"end":{"line":53,"column":5}},"24":{"start":{"line":50,"column":6},"end":{"line":52,"column":8}},"25":{"start":{"line":55,"column":27},"end":{"line":55,"column":58}},"26":{"start":{"line":56,"column":4},"end":{"line":60,"column":5}},"27":{"start":{"line":57,"column":6},"end":{"line":59,"column":8}},"28":{"start":{"line":62,"column":4},"end":{"line":72,"column":6}},"29":{"start":{"line":15,"column":0},"end":{"line":15,"column":13}}},"fnMap":{"0":{"name":"(anonymous_0)","decl":{"start":{"line":16,"column":2},"end":{"line":16,"column":null}},"loc":{"start":{"line":23,"column":35},"end":{"line":24,"column":6}}},"1":{"name":"(anonymous_1)","decl":{"start":{"line":26,"column":2},"end":{"line":26,"column":8}},"loc":{"start":{"line":26,"column":37},"end":{"line":73,"column":3}}}},"branchMap":{"0":{"loc":{"start":{"line":28,"column":4},"end":{"line":32,"column":5}},"type":"if","locations":[{"start":{"line":28,"column":4},"end":{"line":32,"column":5}}]},"1":{"loc":{"start":{"line":35,"column":4},"end":{"line":39,"column":5}},"type":"if","locations":[{"start":{"line":35,"column":4},"end":{"line":39,"column":5}}]},"2":{"loc":{"start":{"line":42,"column":4},"end":{"line":46,"column":5}},"type":"if","locations":[{"start":{"line":42,"column":4},"end":{"line":46,"column":5}}]},"3":{"loc":{"start":{"line":49,"column":4},"end":{"line":53,"column":5}},"type":"if","locations":[{"start":{"line":49,"column":4},"end":{"line":53,"column":5}}]},"4":{"loc":{"start":{"line":56,"column":4},"end":{"line":60,"column":5}},"type":"if","locations":[{"start":{"line":56,"column":4},"end":{"line":60,"column":5}}]}},"s":{"0":3,"1":3,"2":3,"3":3,"4":3,"5":3,"6":4,"7":4,"8":4,"9":4,"10":4,"11":4,"12":4,"13":8,"14":8,"15":0,"16":8,"17":8,"18":2,"19":6,"20":6,"21":0,"22":6,"23":6,"24":1,"25":5,"26":5,"27":1,"28":4,"29":3},"f":{"0":4,"1":8},"b":{"0":[0],"1":[2],"2":[0],"3":[1],"4":[1]}}
,"/Users/murilolodovico/Desktop/projects/clean-wallet/src/domain/wallet/ports/wallet-repository.port.ts": {"path":"/Users/murilolodovico/Desktop/projects/clean-wallet/src/domain/wallet/ports/wallet-repository.port.ts","statementMap":{"0":{"start":{"line":14,"column":0},"end":{"line":14,"column":22}}},"fnMap":{},"branchMap":{},"s":{"0":2},"f":{},"b":{}}
,"/Users/murilolodovico/Desktop/projects/clean-wallet/src/infrastructure/repositories/BalanceRepository.ts": {"path":"/Users/murilolodovico/Desktop/projects/clean-wallet/src/infrastructure/repositories/BalanceRepository.ts","statementMap":{"0":{"start":{"line":1,"column":0},"end":{"line":1,"column":44}},"1":{"start":{"line":2,"column":0},"end":{"line":2,"column":51}},"2":{"start":{"line":3,"column":0},"end":{"line":3,"column":37}},"3":{"start":{"line":5,"column":0},"end":{"line":5,"column":68}},"4":{"start":{"line":13,"column":7},"end":{"line":34,"column":null}},"5":{"start":{"line":16,"column":21},"end":{"line":16,"column":33}},"6":{"start":{"line":20,"column":18},"end":{"line":20,"column":52}},"7":{"start":{"line":22,"column":4},"end":{"line":32,"column":6}},"8":{"start":{"line":13,"column":13},"end":{"line":13,"column":30}},"9":{"start":{"line":13,"column":13},"end":{"line":34,"column":null}}},"fnMap":{"0":{"name":"(anonymous_4)","decl":{"start":{"line":14,"column":2},"end":{"line":14,"column":null}},"loc":{"start":{"line":16,"column":58},"end":{"line":17,"column":6}}},"1":{"name":"(anonymous_5)","decl":{"start":{"line":19,"column":2},"end":{"line":19,"column":7}},"loc":{"start":{"line":19,"column":45},"end":{"line":33,"column":3}}}},"branchMap":{},"s":{"0":1,"1":1,"2":1,"3":1,"4":1,"5":1,"6":1,"7":1,"8":1,"9":1},"f":{"0":1,"1":1},"b":{}}
,"/Users/murilolodovico/Desktop/projects/clean-wallet/src/infrastructure/repositories/ClientRepository.ts": {"path":"/Users/murilolodovico/Desktop/projects/clean-wallet/src/infrastructure/repositories/ClientRepository.ts","statementMap":{"0":{"start":{"line":1,"column":0},"end":{"line":1,"column":44}},"1":{"start":{"line":2,"column":0},"end":{"line":2,"column":51}},"2":{"start":{"line":3,"column":0},"end":{"line":3,"column":37}},"3":{"start":{"line":5,"column":0},"end":{"line":5,"column":75}},"4":{"start":{"line":13,"column":7},"end":{"line":35,"column":null}},"5":{"start":{"line":16,"column":21},"end":{"line":16,"column":33}},"6":{"start":{"line":20,"column":18},"end":{"line":20,"column":52}},"7":{"start":{"line":22,"column":4},"end":{"line":33,"column":6}},"8":{"start":{"line":13,"column":13},"end":{"line":13,"column":29}},"9":{"start":{"line":13,"column":13},"end":{"line":35,"column":null}}},"fnMap":{"0":{"name":"(anonymous_4)","decl":{"start":{"line":14,"column":2},"end":{"line":14,"column":null}},"loc":{"start":{"line":16,"column":57},"end":{"line":17,"column":6}}},"1":{"name":"(anonymous_5)","decl":{"start":{"line":19,"column":2},"end":{"line":19,"column":7}},"loc":{"start":{"line":19,"column":44},"end":{"line":34,"column":3}}}},"branchMap":{},"s":{"0":1,"1":1,"2":1,"3":1,"4":1,"5":1,"6":1,"7":1,"8":1,"9":1},"f":{"0":1,"1":1},"b":{}}
,"/Users/murilolodovico/Desktop/projects/clean-wallet/src/infrastructure/repositories/WalletRepository.ts": {"path":"/Users/murilolodovico/Desktop/projects/clean-wallet/src/infrastructure/repositories/WalletRepository.ts","statementMap":{"0":{"start":{"line":1,"column":0},"end":{"line":1,"column":44}},"1":{"start":{"line":2,"column":0},"end":{"line":2,"column":51}},"2":{"start":{"line":3,"column":0},"end":{"line":3,"column":37}},"3":{"start":{"line":5,"column":0},"end":{"line":5,"column":65}},"4":{"start":{"line":13,"column":7},"end":{"line":32,"column":null}},"5":{"start":{"line":16,"column":21},"end":{"line":16,"column":33}},"6":{"start":{"line":20,"column":18},"end":{"line":20,"column":52}},"7":{"start":{"line":22,"column":4},"end":{"line":30,"column":6}},"8":{"start":{"line":13,"column":13},"end":{"line":13,"column":29}},"9":{"start":{"line":13,"column":13},"end":{"line":32,"column":null}}},"fnMap":{"0":{"name":"(anonymous_4)","decl":{"start":{"line":14,"column":2},"end":{"line":14,"column":null}},"loc":{"start":{"line":16,"column":57},"end":{"line":17,"column":6}}},"1":{"name":"(anonymous_5)","decl":{"start":{"line":19,"column":2},"end":{"line":19,"column":7}},"loc":{"start":{"line":19,"column":44},"end":{"line":31,"column":3}}}},"branchMap":{},"s":{"0":1,"1":1,"2":1,"3":1,"4":1,"5":1,"6":1,"7":1,"8":1,"9":1},"f":{"0":1,"1":1},"b":{}}
,"/Users/murilolodovico/Desktop/projects/clean-wallet/src/presentation/balance/balance.service.ts": {"path":"/Users/murilolodovico/Desktop/projects/clean-wallet/src/presentation/balance/balance.service.ts","statementMap":{"0":{"start":{"line":1,"column":0},"end":{"line":1,"column":44}},"1":{"start":{"line":3,"column":0},"end":{"line":3,"column":null}},"2":{"start":{"line":10,"column":7},"end":{"line":24,"column":null}},"3":{"start":{"line":11,"column":32},"end":{"line":11,"column":34}},"4":{"start":{"line":13,"column":31},"end":{"line":13,"column":53}},"5":{"start":{"line":16,"column":4},"end":{"line":16,"column":25}},"6":{"start":{"line":20,"column":23},"end":{"line":20,"column":75}},"7":{"start":{"line":21,"column":4},"end":{"line":21,"column":35}},"8":{"start":{"line":22,"column":4},"end":{"line":22,"column":22}},"9":{"start":{"line":10,"column":13},"end":{"line":10,"column":27}},"10":{"start":{"line":10,"column":13},"end":{"line":24,"column":null}}},"fnMap":{"0":{"name":"(anonymous_2)","decl":{"start":{"line":13,"column":2},"end":{"line":13,"column":31}},"loc":{"start":{"line":13,"column":73},"end":{"line":13,"column":77}}},"1":{"name":"(anonymous_3)","decl":{"start":{"line":15,"column":2},"end":{"line":15,"column":9}},"loc":{"start":{"line":15,"column":9},"end":{"line":17,"column":3}}},"2":{"name":"(anonymous_4)","decl":{"start":{"line":19,"column":2},"end":{"line":19,"column":7}},"loc":{"start":{"line":19,"column":46},"end":{"line":23,"column":3}}}},"branchMap":{},"s":{"0":1,"1":1,"2":1,"3":2,"4":2,"5":2,"6":1,"7":1,"8":1,"9":1,"10":1},"f":{"0":2,"1":2,"2":1},"b":{}}
,"/Users/murilolodovico/Desktop/projects/clean-wallet/src/presentation/client/client.service.ts": {"path":"/Users/murilolodovico/Desktop/projects/clean-wallet/src/presentation/client/client.service.ts","statementMap":{"0":{"start":{"line":1,"column":0},"end":{"line":1,"column":44}},"1":{"start":{"line":3,"column":0},"end":{"line":3,"column":null}},"2":{"start":{"line":10,"column":7},"end":{"line":44,"column":null}},"3":{"start":{"line":11,"column":30},"end":{"line":11,"column":32}},"4":{"start":{"line":13,"column":31},"end":{"line":13,"column":52}},"5":{"start":{"line":16,"column":4},"end":{"line":16,"column":24}},"6":{"start":{"line":20,"column":22},"end":{"line":20,"column":72}},"7":{"start":{"line":21,"column":4},"end":{"line":21,"column":33}},"8":{"start":{"line":22,"column":4},"end":{"line":22,"column":21}},"9":{"start":{"line":26,"column":4},"end":{"line":26,"column":70}},"10":{"start":{"line":26,"column":41},"end":{"line":26,"column":68}},"11":{"start":{"line":30,"column":24},"end":{"line":31,"column":null}},"12":{"start":{"line":31,"column":18},"end":{"line":31,"column":45}},"13":{"start":{"line":33,"column":4},"end":{"line":35,"column":5}},"14":{"start":{"line":34,"column":6},"end":{"line":34,"column":23}},"15":{"start":{"line":36,"column":26},"end":{"line":40,"column":6}},"16":{"start":{"line":41,"column":4},"end":{"line":41,"column":56}},"17":{"start":{"line":42,"column":4},"end":{"line":42,"column":35}},"18":{"start":{"line":10,"column":13},"end":{"line":10,"column":26}},"19":{"start":{"line":10,"column":13},"end":{"line":44,"column":null}}},"fnMap":{"0":{"name":"(anonymous_2)","decl":{"start":{"line":13,"column":2},"end":{"line":13,"column":31}},"loc":{"start":{"line":13,"column":71},"end":{"line":13,"column":75}}},"1":{"name":"(anonymous_3)","decl":{"start":{"line":15,"column":2},"end":{"line":15,"column":9}},"loc":{"start":{"line":15,"column":9},"end":{"line":17,"column":3}}},"2":{"name":"(anonymous_4)","decl":{"start":{"line":19,"column":2},"end":{"line":19,"column":7}},"loc":{"start":{"line":19,"column":44},"end":{"line":23,"column":3}}},"3":{"name":"(anonymous_5)","decl":{"start":{"line":25,"column":2},"end":{"line":25,"column":9}},"loc":{"start":{"line":25,"column":20},"end":{"line":27,"column":3}}},"4":{"name":"(anonymous_6)","decl":{"start":{"line":26,"column":29},"end":{"line":26,"column":30}},"loc":{"start":{"line":26,"column":41},"end":{"line":26,"column":68}}},"5":{"name":"(anonymous_7)","decl":{"start":{"line":29,"column":2},"end":{"line":29,"column":8}},"loc":{"start":{"line":29,"column":48},"end":{"line":43,"column":3}}},"6":{"name":"(anonymous_8)","decl":{"start":{"line":31,"column":6},"end":{"line":31,"column":7}},"loc":{"start":{"line":31,"column":18},"end":{"line":31,"column":45}}}},"branchMap":{"0":{"loc":{"start":{"line":33,"column":4},"end":{"line":35,"column":5}},"type":"if","locations":[{"start":{"line":33,"column":4},"end":{"line":35,"column":5}}]}},"s":{"0":1,"1":1,"2":1,"3":5,"4":5,"5":2,"6":3,"7":3,"8":3,"9":1,"10":1,"11":2,"12":1,"13":2,"14":1,"15":1,"16":1,"17":1,"18":1,"19":1},"f":{"0":5,"1":2,"2":3,"3":1,"4":1,"5":2,"6":1},"b":{"0":[1]}}
,"/Users/murilolodovico/Desktop/projects/clean-wallet/src/presentation/wallet/wallet.service.ts": {"path":"/Users/murilolodovico/Desktop/projects/clean-wallet/src/presentation/wallet/wallet.service.ts","statementMap":{"0":{"start":{"line":1,"column":0},"end":{"line":1,"column":44}},"1":{"start":{"line":3,"column":0},"end":{"line":3,"column":null}},"2":{"start":{"line":10,"column":7},"end":{"line":24,"column":null}},"3":{"start":{"line":11,"column":30},"end":{"line":11,"column":32}},"4":{"start":{"line":13,"column":31},"end":{"line":13,"column":52}},"5":{"start":{"line":16,"column":4},"end":{"line":16,"column":24}},"6":{"start":{"line":20,"column":22},"end":{"line":20,"column":72}},"7":{"start":{"line":21,"column":4},"end":{"line":21,"column":33}},"8":{"start":{"line":22,"column":4},"end":{"line":22,"column":21}},"9":{"start":{"line":10,"column":13},"end":{"line":10,"column":26}},"10":{"start":{"line":10,"column":13},"end":{"line":24,"column":null}}},"fnMap":{"0":{"name":"(anonymous_2)","decl":{"start":{"line":13,"column":2},"end":{"line":13,"column":31}},"loc":{"start":{"line":13,"column":71},"end":{"line":13,"column":75}}},"1":{"name":"(anonymous_3)","decl":{"start":{"line":15,"column":2},"end":{"line":15,"column":9}},"loc":{"start":{"line":15,"column":9},"end":{"line":17,"column":3}}},"2":{"name":"(anonymous_4)","decl":{"start":{"line":19,"column":2},"end":{"line":19,"column":7}},"loc":{"start":{"line":19,"column":44},"end":{"line":23,"column":3}}}},"branchMap":{},"s":{"0":1,"1":1,"2":1,"3":2,"4":2,"5":2,"6":1,"7":1,"8":1,"9":1,"10":1},"f":{"0":2,"1":2,"2":1},"b":{}}
,"/Users/murilolodovico/Desktop/projects/clean-wallet/src/shared/utils/Result.ts": {"path":"/Users/murilolodovico/Desktop/projects/clean-wallet/src/shared/utils/Result.ts","statementMap":{"0":{"start":{"line":8,"column":4},"end":{"line":8,"column":31}},"1":{"start":{"line":9,"column":4},"end":{"line":9,"column":32}},"2":{"start":{"line":10,"column":4},"end":{"line":10,"column":24}},"3":{"start":{"line":11,"column":4},"end":{"line":11,"column":24}},"4":{"start":{"line":13,"column":4},"end":{"line":17,"column":5}},"5":{"start":{"line":14,"column":6},"end":{"line":16,"column":8}},"6":{"start":{"line":19,"column":4},"end":{"line":23,"column":5}},"7":{"start":{"line":20,"column":6},"end":{"line":22,"column":8}},"8":{"start":{"line":27,"column":4},"end":{"line":29,"column":5}},"9":{"start":{"line":28,"column":6},"end":{"line":28,"column":65}},"10":{"start":{"line":31,"column":4},"end":{"line":31,"column":24}},"11":{"start":{"line":35,"column":4},"end":{"line":37,"column":5}},"12":{"start":{"line":36,"column":6},"end":{"line":36,"column":69}},"13":{"start":{"line":39,"column":4},"end":{"line":39,"column":24}},"14":{"start":{"line":43,"column":4},"end":{"line":43,"column":38}},"15":{"start":{"line":47,"column":4},"end":{"line":47,"column":50}},"16":{"start":{"line":1,"column":0},"end":{"line":1,"column":13}}},"fnMap":{"0":{"name":"(anonymous_0)","decl":{"start":{"line":7,"column":2},"end":{"line":7,"column":22}},"loc":{"start":{"line":7,"column":67},"end":{"line":24,"column":3}}},"1":{"name":"(anonymous_1)","decl":{"start":{"line":26,"column":9},"end":{"line":26,"column":17}},"loc":{"start":{"line":26,"column":17},"end":{"line":32,"column":3}}},"2":{"name":"(anonymous_2)","decl":{"start":{"line":34,"column":9},"end":{"line":34,"column":17}},"loc":{"start":{"line":34,"column":17},"end":{"line":40,"column":3}}},"3":{"name":"(anonymous_3)","decl":{"start":{"line":42,"column":9},"end":{"line":42,"column":15}},"loc":{"start":{"line":42,"column":31},"end":{"line":44,"column":3}}},"4":{"name":"(anonymous_4)","decl":{"start":{"line":46,"column":9},"end":{"line":46,"column":15}},"loc":{"start":{"line":46,"column":37},"end":{"line":48,"column":3}}}},"branchMap":{"0":{"loc":{"start":{"line":13,"column":4},"end":{"line":17,"column":5}},"type":"if","locations":[{"start":{"line":13,"column":4},"end":{"line":17,"column":5}}]},"1":{"loc":{"start":{"line":13,"column":8},"end":{"line":13,"column":26}},"type":"binary-expr","locations":[{"start":{"line":13,"column":8},"end":{"line":13,"column":17}},{"start":{"line":13,"column":21},"end":{"line":13,"column":26}}]},"2":{"loc":{"start":{"line":19,"column":4},"end":{"line":23,"column":5}},"type":"if","locations":[{"start":{"line":19,"column":4},"end":{"line":23,"column":5}}]},"3":{"loc":{"start":{"line":19,"column":8},"end":{"line":19,"column":28}},"type":"binary-expr","locations":[{"start":{"line":19,"column":8},"end":{"line":19,"column":18}},{"start":{"line":19,"column":22},"end":{"line":19,"column":28}}]},"4":{"loc":{"start":{"line":27,"column":4},"end":{"line":29,"column":5}},"type":"if","locations":[{"start":{"line":27,"column":4},"end":{"line":29,"column":5}}]},"5":{"loc":{"start":{"line":35,"column":4},"end":{"line":37,"column":5}},"type":"if","locations":[{"start":{"line":35,"column":4},"end":{"line":37,"column":5}}]}},"s":{"0":177,"1":177,"2":177,"3":177,"4":177,"5":0,"6":177,"7":0,"8":122,"9":1,"10":121,"11":26,"12":1,"13":25,"14":151,"15":26,"16":10},"f":{"0":177,"1":122,"2":26,"3":151,"4":26},"b":{"0":[0],"1":[177,151],"2":[0],"3":[177,26],"4":[1],"5":[1]}}
}
