TN:
SF:src/application/balance/create-balance.use-case.ts
FN:24,(anonymous_2)
FN:26,(anonymous_3)
FN:44,(anonymous_4)
FNF:3
FNH:3
FNDA:3,(anonymous_2)
FNDA:3,(anonymous_3)
FNDA:2,(anonymous_4)
DA:1,2
DA:7,2
DA:8,2
DA:23,2
DA:24,3
DA:27,3
DA:29,3
DA:30,1
DA:33,2
DA:35,2
DA:36,2
DA:38,1
DA:41,1
DA:45,2
LF:14
LH:14
BRDA:29,0,0,1
BRF:1
BRH:1
end_of_record
TN:
SF:src/application/client/create-client.use-case.ts
FN:27,(anonymous_2)
FN:29,(anonymous_3)
FN:67,(anonymous_4)
FNF:3
FNH:3
FNDA:5,(anonymous_2)
FNDA:5,(anonymous_3)
FNDA:3,(anonymous_4)
DA:1,2
DA:8,2
DA:9,2
DA:10,2
DA:26,2
DA:27,5
DA:31,5
DA:35,5
DA:45,5
DA:46,1
DA:49,4
DA:50,4
DA:54,4
DA:55,1
DA:58,3
DA:59,3
DA:61,1
DA:64,2
DA:68,3
LF:19
LH:19
BRDA:31,0,0,1
BRDA:31,0,1,4
BRDA:45,1,0,1
BRDA:54,2,0,1
BRF:4
BRH:4
end_of_record
TN:
SF:src/application/client/get-client.use-case.ts
FN:13,(anonymous_2)
FN:15,(anonymous_3)
FNF:2
FNH:2
FNDA:3,(anonymous_2)
FNDA:3,(anonymous_3)
DA:1,2
DA:8,2
DA:9,2
DA:12,2
DA:13,3
DA:16,3
DA:17,3
DA:18,1
DA:21,2
DA:25,2
DA:26,1
DA:29,1
LF:12
LH:12
BRDA:17,0,0,1
BRDA:25,1,0,1
BRF:2
BRH:2
end_of_record
TN:
SF:src/application/client/update-client.use-case.ts
FN:31,(anonymous_2)
FN:33,(anonymous_3)
FN:78,(anonymous_4)
FN:102,(anonymous_5)
FNF:4
FNH:4
FNDA:9,(anonymous_2)
FNDA:9,(anonymous_3)
FNDA:4,(anonymous_4)
FNDA:4,(anonymous_5)
DA:1,2
DA:10,2
DA:11,2
DA:15,2
DA:16,2
DA:30,2
DA:31,9
DA:34,9
DA:35,9
DA:36,1
DA:39,8
DA:40,8
DA:42,8
DA:43,1
DA:46,7
DA:47,4
DA:50,5
DA:60,5
DA:61,1
DA:64,4
DA:66,4
DA:67,4
DA:72,1
DA:75,3
DA:82,4
DA:83,4
DA:84,1
DA:89,3
DA:90,3
DA:91,1
DA:95,2
DA:97,2
DA:98,1
DA:103,4
LF:34
LH:34
BRDA:35,0,0,1
BRDA:42,1,0,1
BRDA:46,2,0,4
BRDA:60,3,0,1
BRDA:83,4,0,1
BRDA:90,5,0,1
BRDA:97,6,0,1
BRF:7
BRH:7
end_of_record
TN:
SF:src/application/wallet/create-wallet.use-case.ts
FN:22,(anonymous_2)
FN:24,(anonymous_3)
FN:42,(anonymous_4)
FNF:3
FNH:3
FNDA:3,(anonymous_2)
FNDA:3,(anonymous_3)
FNDA:2,(anonymous_4)
DA:1,2
DA:7,2
DA:8,2
DA:21,2
DA:22,3
DA:25,3
DA:27,3
DA:28,1
DA:31,2
DA:33,2
DA:34,2
DA:36,1
DA:39,1
DA:43,2
LF:14
LH:14
BRDA:27,0,0,1
BRF:1
BRH:1
end_of_record
TN:
SF:src/domain/balance/Balance.ts
FN:20,(anonymous_0)
FN:32,(anonymous_1)
FNF:2
FNH:2
FNDA:4,(anonymous_0)
FNDA:8,(anonymous_1)
DA:1,3
DA:2,3
DA:3,3
DA:4,3
DA:5,3
DA:6,3
DA:7,3
DA:8,3
DA:19,3
DA:21,4
DA:22,4
DA:23,4
DA:24,4
DA:25,4
DA:26,4
DA:27,4
DA:28,4
DA:29,4
DA:33,8
DA:34,8
DA:35,2
DA:38,6
DA:39,6
DA:40,0
DA:45,6
DA:46,6
DA:47,1
DA:52,5
DA:53,5
DA:54,0
DA:59,5
DA:60,5
DA:61,0
DA:66,5
DA:67,5
DA:68,1
DA:73,4
LF:37
LH:34
BRDA:34,0,0,2
BRDA:39,1,0,0
BRDA:46,2,0,1
BRDA:53,3,0,0
BRDA:60,4,0,0
BRDA:67,5,0,1
BRF:6
BRH:3
end_of_record
TN:
SF:src/domain/balance/ports/balance-repository.port.ts
FNF:0
FNH:0
DA:16,2
LF:1
LH:1
BRF:0
BRH:0
end_of_record
TN:
SF:src/domain/client/Client.ts
FN:29,(anonymous_0)
FN:44,(anonymous_1)
FN:60,(anonymous_2)
FN:64,(anonymous_3)
FN:79,(anonymous_4)
FN:103,(anonymous_5)
FN:127,(anonymous_6)
FNF:7
FNH:5
FNDA:32,(anonymous_0)
FNDA:13,(anonymous_1)
FNDA:19,(anonymous_2)
FNDA:7,(anonymous_3)
FNDA:0,(anonymous_4)
FNDA:0,(anonymous_5)
FNDA:39,(anonymous_6)
DA:1,6
DA:3,6
DA:4,6
DA:5,6
DA:6,6
DA:7,6
DA:8,6
DA:9,6
DA:10,6
DA:28,6
DA:30,32
DA:31,32
DA:32,32
DA:33,32
DA:34,32
DA:35,32
DA:36,32
DA:37,32
DA:38,32
DA:39,32
DA:45,13
DA:46,13
DA:47,0
DA:50,13
DA:52,13
DA:61,19
DA:65,7
DA:80,0
DA:81,0
DA:84,0
DA:85,0
DA:86,0
DA:89,0
DA:104,0
DA:105,0
DA:108,0
DA:109,0
DA:110,0
DA:113,0
DA:128,39
DA:129,39
DA:130,1
DA:133,38
DA:134,38
DA:135,1
DA:138,37
DA:139,37
DA:140,0
DA:143,37
DA:144,37
DA:145,4
DA:148,33
DA:149,33
DA:150,0
DA:155,33
DA:156,33
DA:157,0
DA:162,33
DA:163,33
DA:164,0
DA:169,33
DA:170,33
DA:171,1
DA:174,32
LF:64
LH:47
BRDA:46,0,0,0
BRDA:67,1,0,7
BRDA:67,1,1,3
BRDA:68,2,0,7
BRDA:68,2,1,7
BRDA:69,3,0,7
BRDA:69,3,1,6
BRDA:70,4,0,7
BRDA:70,4,1,7
BRDA:71,5,0,7
BRDA:71,5,1,5
BRDA:72,6,0,7
BRDA:72,6,1,7
BRDA:73,7,0,7
BRDA:73,7,1,7
BRDA:80,8,0,0
BRDA:85,9,0,0
BRDA:104,10,0,0
BRDA:109,11,0,0
BRDA:129,12,0,1
BRDA:134,13,0,1
BRDA:139,14,0,0
BRDA:144,15,0,4
BRDA:149,16,0,0
BRDA:156,17,0,0
BRDA:163,18,0,0
BRDA:170,19,0,1
BRF:27
BRH:18
end_of_record
TN:
SF:src/domain/client/ports/client-repository.port.ts
FNF:0
FNH:0
DA:20,4
LF:1
LH:1
BRF:0
BRH:0
end_of_record
TN:
SF:src/domain/wallet/Wallet.ts
FN:16,(anonymous_0)
FN:26,(anonymous_1)
FNF:2
FNH:2
FNDA:4,(anonymous_0)
FNDA:8,(anonymous_1)
DA:1,3
DA:2,3
DA:3,3
DA:4,3
DA:5,3
DA:6,3
DA:15,3
DA:17,4
DA:18,4
DA:19,4
DA:20,4
DA:21,4
DA:22,4
DA:23,4
DA:27,8
DA:28,8
DA:29,0
DA:34,8
DA:35,8
DA:36,2
DA:41,6
DA:42,6
DA:43,0
DA:48,6
DA:49,6
DA:50,1
DA:55,5
DA:56,5
DA:57,1
DA:62,4
LF:30
LH:28
BRDA:28,0,0,0
BRDA:35,1,0,2
BRDA:42,2,0,0
BRDA:49,3,0,1
BRDA:56,4,0,1
BRF:5
BRH:3
end_of_record
TN:
SF:src/domain/wallet/ports/wallet-repository.port.ts
FNF:0
FNH:0
DA:14,2
LF:1
LH:1
BRF:0
BRH:0
end_of_record
TN:
SF:src/infrastructure/repositories/BalanceRepository.ts
FN:15,(anonymous_4)
FN:20,(anonymous_5)
FN:21,(anonymous_6)
FNF:3
FNH:3
FNDA:1,(anonymous_4)
FNDA:1,(anonymous_5)
FNDA:1,(anonymous_6)
DA:1,1
DA:2,1
DA:3,1
DA:5,1
DA:6,1
DA:14,1
DA:17,1
DA:21,1
DA:23,1
LF:9
LH:9
BRF:0
BRH:0
end_of_record
TN:
SF:src/infrastructure/repositories/ClientRepository.ts
FN:16,(anonymous_4)
FN:21,(anonymous_5)
FN:22,(anonymous_6)
FN:27,(anonymous_7)
FN:31,(anonymous_8)
FN:47,(anonymous_9)
FN:52,(anonymous_10)
FN:53,(anonymous_11)
FN:60,(anonymous_12)
FN:61,(anonymous_13)
FN:68,(anonymous_14)
FN:84,(anonymous_15)
FNF:12
FNH:12
FNDA:8,(anonymous_4)
FNDA:1,(anonymous_5)
FNDA:1,(anonymous_6)
FNDA:2,(anonymous_7)
FNDA:2,(anonymous_8)
FNDA:1,(anonymous_9)
FNDA:3,(anonymous_10)
FNDA:3,(anonymous_11)
FNDA:2,(anonymous_12)
FNDA:2,(anonymous_13)
FNDA:2,(anonymous_14)
FNDA:3,(anonymous_15)
DA:1,1
DA:2,1
DA:3,1
DA:5,1
DA:6,1
DA:7,1
DA:15,1
DA:18,8
DA:22,1
DA:24,1
DA:31,2
DA:32,2
DA:35,2
DA:36,1
DA:39,1
DA:40,1
DA:41,1
DA:42,1
DA:43,1
DA:44,1
DA:45,1
DA:47,1
DA:49,1
DA:53,3
DA:54,3
DA:57,3
DA:61,2
DA:62,2
DA:65,2
DA:69,2
DA:85,3
DA:98,3
DA:99,1
DA:104,2
LF:34
LH:34
BRDA:35,0,0,1
BRDA:57,1,0,2
BRDA:57,1,1,1
BRDA:65,2,0,1
BRDA:65,2,1,1
BRDA:98,3,0,1
BRF:6
BRH:6
end_of_record
TN:
SF:src/infrastructure/repositories/WalletRepository.ts
FN:15,(anonymous_4)
FN:20,(anonymous_5)
FN:21,(anonymous_6)
FNF:3
FNH:3
FNDA:1,(anonymous_4)
FNDA:1,(anonymous_5)
FNDA:1,(anonymous_6)
DA:1,1
DA:2,1
DA:3,1
DA:5,1
DA:6,1
DA:14,1
DA:17,1
DA:21,1
DA:23,1
LF:9
LH:9
BRF:0
BRH:0
end_of_record
TN:
SF:src/presentation/balance/balance.service.ts
FN:13,(anonymous_2)
FN:15,(anonymous_3)
FN:19,(anonymous_4)
FNF:3
FNH:3
FNDA:2,(anonymous_2)
FNDA:2,(anonymous_3)
FNDA:1,(anonymous_4)
DA:1,1
DA:3,1
DA:10,1
DA:11,2
DA:13,2
DA:16,2
DA:20,1
DA:21,1
DA:22,1
LF:9
LH:9
BRF:0
BRH:0
end_of_record
TN:
SF:src/presentation/client/client.service.ts
FN:18,(anonymous_2)
FN:24,(anonymous_3)
FN:28,(anonymous_4)
FN:34,(anonymous_5)
FN:38,(anonymous_6)
FNF:5
FNH:5
FNDA:4,(anonymous_2)
FNDA:2,(anonymous_3)
FNDA:1,(anonymous_4)
FNDA:1,(anonymous_5)
FNDA:1,(anonymous_6)
DA:1,1
DA:3,1
DA:7,1
DA:8,1
DA:15,1
DA:16,4
DA:19,4
DA:20,4
DA:21,4
DA:25,2
DA:29,1
DA:30,1
DA:31,1
DA:35,1
DA:42,1
LF:15
LH:15
BRF:0
BRH:0
end_of_record
TN:
SF:src/presentation/wallet/wallet.service.ts
FN:13,(anonymous_2)
FN:15,(anonymous_3)
FN:19,(anonymous_4)
FNF:3
FNH:3
FNDA:2,(anonymous_2)
FNDA:2,(anonymous_3)
FNDA:1,(anonymous_4)
DA:1,1
DA:3,1
DA:10,1
DA:11,2
DA:13,2
DA:16,2
DA:20,1
DA:21,1
DA:22,1
LF:9
LH:9
BRF:0
BRH:0
end_of_record
TN:
SF:src/shared/utils/Result.ts
FN:7,(anonymous_0)
FN:26,(anonymous_1)
FN:34,(anonymous_2)
FN:42,(anonymous_3)
FN:46,(anonymous_4)
FNF:5
FNH:5
FNDA:472,(anonymous_0)
FNDA:378,(anonymous_1)
FNDA:35,(anonymous_2)
FNDA:437,(anonymous_3)
FNDA:35,(anonymous_4)
DA:1,13
DA:8,472
DA:9,472
DA:10,472
DA:11,472
DA:13,472
DA:14,0
DA:19,472
DA:20,0
DA:27,378
DA:28,1
DA:31,377
DA:35,35
DA:36,1
DA:39,34
DA:43,437
DA:47,35
LF:17
LH:15
BRDA:13,0,0,0
BRDA:13,1,0,472
BRDA:13,1,1,437
BRDA:19,2,0,0
BRDA:19,3,0,472
BRDA:19,3,1,35
BRDA:27,4,0,1
BRDA:35,5,0,1
BRF:8
BRH:6
end_of_record
