TN:
SF:src/application/balance/create-balance.use-case.ts
FN:24,(anonymous_2)
FN:26,(anonymous_3)
FN:44,(anonymous_4)
FNF:3
FNH:3
FNDA:3,(anonymous_2)
FNDA:3,(anonymous_3)
FNDA:2,(anonymous_4)
DA:1,2
DA:7,2
DA:8,2
DA:23,2
DA:24,3
DA:27,3
DA:29,3
DA:30,1
DA:33,2
DA:35,2
DA:36,2
DA:38,1
DA:41,1
DA:45,2
LF:14
LH:14
BRDA:29,0,0,1
BRF:1
BRH:1
end_of_record
TN:
SF:src/application/client/create-client.use-case.ts
FN:25,(anonymous_2)
FN:27,(anonymous_3)
FN:58,(anonymous_4)
FNF:3
FNH:3
FNDA:4,(anonymous_2)
FNDA:4,(anonymous_3)
FNDA:3,(anonymous_4)
DA:1,2
DA:7,2
DA:8,2
DA:24,2
DA:25,4
DA:29,4
DA:33,4
DA:43,4
DA:44,1
DA:47,3
DA:49,3
DA:50,3
DA:52,1
DA:55,2
DA:59,3
LF:15
LH:15
BRDA:29,0,0,1
BRDA:29,0,1,3
BRDA:43,1,0,1
BRF:3
BRH:3
end_of_record
TN:
SF:src/application/wallet/create-wallet.use-case.ts
FN:22,(anonymous_2)
FN:24,(anonymous_3)
FN:42,(anonymous_4)
FNF:3
FNH:3
FNDA:3,(anonymous_2)
FNDA:3,(anonymous_3)
FNDA:2,(anonymous_4)
DA:1,2
DA:7,2
DA:8,2
DA:21,2
DA:22,3
DA:25,3
DA:27,3
DA:28,1
DA:31,2
DA:33,2
DA:34,2
DA:36,1
DA:39,1
DA:43,2
LF:14
LH:14
BRDA:27,0,0,1
BRF:1
BRH:1
end_of_record
TN:
SF:src/domain/balance/Balance.ts
FN:20,(anonymous_0)
FN:32,(anonymous_1)
FNF:2
FNH:2
FNDA:4,(anonymous_0)
FNDA:8,(anonymous_1)
DA:1,3
DA:2,3
DA:3,3
DA:4,3
DA:5,3
DA:6,3
DA:7,3
DA:8,3
DA:19,3
DA:21,4
DA:22,4
DA:23,4
DA:24,4
DA:25,4
DA:26,4
DA:27,4
DA:28,4
DA:29,4
DA:33,8
DA:34,8
DA:35,2
DA:38,6
DA:39,6
DA:40,0
DA:45,6
DA:46,6
DA:47,1
DA:52,5
DA:53,5
DA:54,0
DA:59,5
DA:60,5
DA:61,0
DA:66,5
DA:67,5
DA:68,1
DA:73,4
LF:37
LH:34
BRDA:34,0,0,2
BRDA:39,1,0,0
BRDA:46,2,0,1
BRDA:53,3,0,0
BRDA:60,4,0,0
BRDA:67,5,0,1
BRF:6
BRH:3
end_of_record
TN:
SF:src/domain/balance/ports/balance-repository.port.ts
FNF:0
FNH:0
DA:16,2
LF:1
LH:1
BRF:0
BRH:0
end_of_record
TN:
SF:src/domain/client/Client.ts
FN:23,(anonymous_0)
FN:38,(anonymous_1)
FN:96,(anonymous_2)
FN:120,(anonymous_3)
FNF:4
FNH:2
FNDA:7,(anonymous_0)
FNDA:11,(anonymous_1)
FNDA:0,(anonymous_2)
FNDA:0,(anonymous_3)
DA:1,3
DA:3,3
DA:4,3
DA:5,3
DA:6,3
DA:7,3
DA:8,3
DA:9,3
DA:10,3
DA:22,3
DA:24,7
DA:25,7
DA:26,7
DA:27,7
DA:28,7
DA:29,7
DA:30,7
DA:31,7
DA:32,7
DA:33,7
DA:39,11
DA:40,11
DA:41,1
DA:44,10
DA:45,10
DA:46,0
DA:49,10
DA:50,10
DA:51,2
DA:54,8
DA:55,8
DA:56,0
DA:61,8
DA:62,8
DA:63,0
DA:68,8
DA:69,8
DA:70,0
DA:75,8
DA:76,8
DA:77,1
DA:80,7
DA:97,0
DA:98,0
DA:101,0
DA:102,0
DA:103,0
DA:106,0
DA:121,0
DA:122,0
DA:125,0
DA:126,0
DA:127,0
DA:130,0
LF:54
LH:38
BRDA:40,0,0,1
BRDA:45,1,0,0
BRDA:50,2,0,2
BRDA:55,3,0,0
BRDA:62,4,0,0
BRDA:69,5,0,0
BRDA:76,6,0,1
BRDA:97,7,0,0
BRDA:102,8,0,0
BRDA:121,9,0,0
BRDA:126,10,0,0
BRF:11
BRH:3
end_of_record
TN:
SF:src/domain/client/ports/client-repository.port.ts
FNF:0
FNH:0
DA:17,2
LF:1
LH:1
BRF:0
BRH:0
end_of_record
TN:
SF:src/domain/wallet/Wallet.ts
FN:16,(anonymous_0)
FN:26,(anonymous_1)
FNF:2
FNH:2
FNDA:4,(anonymous_0)
FNDA:8,(anonymous_1)
DA:1,3
DA:2,3
DA:3,3
DA:4,3
DA:5,3
DA:6,3
DA:15,3
DA:17,4
DA:18,4
DA:19,4
DA:20,4
DA:21,4
DA:22,4
DA:23,4
DA:27,8
DA:28,8
DA:29,0
DA:34,8
DA:35,8
DA:36,2
DA:41,6
DA:42,6
DA:43,0
DA:48,6
DA:49,6
DA:50,1
DA:55,5
DA:56,5
DA:57,1
DA:62,4
LF:30
LH:28
BRDA:28,0,0,0
BRDA:35,1,0,2
BRDA:42,2,0,0
BRDA:49,3,0,1
BRDA:56,4,0,1
BRF:5
BRH:3
end_of_record
TN:
SF:src/domain/wallet/ports/wallet-repository.port.ts
FNF:0
FNH:0
DA:14,2
LF:1
LH:1
BRF:0
BRH:0
end_of_record
TN:
SF:src/infrastructure/repositories/BalanceRepository.ts
FN:14,(anonymous_4)
FN:19,(anonymous_5)
FNF:2
FNH:2
FNDA:1,(anonymous_4)
FNDA:1,(anonymous_5)
DA:1,1
DA:2,1
DA:3,1
DA:5,1
DA:13,1
DA:16,1
DA:20,1
DA:22,1
LF:8
LH:8
BRF:0
BRH:0
end_of_record
TN:
SF:src/infrastructure/repositories/ClientRepository.ts
FN:14,(anonymous_4)
FN:19,(anonymous_5)
FNF:2
FNH:2
FNDA:1,(anonymous_4)
FNDA:1,(anonymous_5)
DA:1,1
DA:2,1
DA:3,1
DA:5,1
DA:13,1
DA:16,1
DA:20,1
DA:22,1
LF:8
LH:8
BRF:0
BRH:0
end_of_record
TN:
SF:src/infrastructure/repositories/WalletRepository.ts
FN:14,(anonymous_4)
FN:19,(anonymous_5)
FNF:2
FNH:2
FNDA:1,(anonymous_4)
FNDA:1,(anonymous_5)
DA:1,1
DA:2,1
DA:3,1
DA:5,1
DA:13,1
DA:16,1
DA:20,1
DA:22,1
LF:8
LH:8
BRF:0
BRH:0
end_of_record
TN:
SF:src/presentation/balance/balance.service.ts
FN:13,(anonymous_2)
FN:15,(anonymous_3)
FN:19,(anonymous_4)
FNF:3
FNH:3
FNDA:2,(anonymous_2)
FNDA:2,(anonymous_3)
FNDA:1,(anonymous_4)
DA:1,1
DA:3,1
DA:10,1
DA:11,2
DA:13,2
DA:16,2
DA:20,1
DA:21,1
DA:22,1
LF:9
LH:9
BRF:0
BRH:0
end_of_record
TN:
SF:src/presentation/client/client.service.ts
FN:13,(anonymous_2)
FN:15,(anonymous_3)
FN:19,(anonymous_4)
FN:25,(anonymous_5)
FN:26,(anonymous_6)
FN:29,(anonymous_7)
FN:31,(anonymous_8)
FNF:7
FNH:7
FNDA:5,(anonymous_2)
FNDA:2,(anonymous_3)
FNDA:3,(anonymous_4)
FNDA:1,(anonymous_5)
FNDA:1,(anonymous_6)
FNDA:2,(anonymous_7)
FNDA:1,(anonymous_8)
DA:1,1
DA:3,1
DA:10,1
DA:11,5
DA:13,5
DA:16,2
DA:20,3
DA:21,3
DA:22,3
DA:26,1
DA:30,2
DA:31,1
DA:33,2
DA:34,1
DA:36,1
DA:41,1
DA:42,1
LF:17
LH:17
BRDA:33,0,0,1
BRF:1
BRH:1
end_of_record
TN:
SF:src/presentation/wallet/wallet.service.ts
FN:13,(anonymous_2)
FN:15,(anonymous_3)
FN:19,(anonymous_4)
FNF:3
FNH:3
FNDA:2,(anonymous_2)
FNDA:2,(anonymous_3)
FNDA:1,(anonymous_4)
DA:1,1
DA:3,1
DA:10,1
DA:11,2
DA:13,2
DA:16,2
DA:20,1
DA:21,1
DA:22,1
LF:9
LH:9
BRF:0
BRH:0
end_of_record
TN:
SF:src/shared/utils/Result.ts
FN:7,(anonymous_0)
FN:26,(anonymous_1)
FN:34,(anonymous_2)
FN:42,(anonymous_3)
FN:46,(anonymous_4)
FNF:5
FNH:5
FNDA:177,(anonymous_0)
FNDA:122,(anonymous_1)
FNDA:26,(anonymous_2)
FNDA:151,(anonymous_3)
FNDA:26,(anonymous_4)
DA:1,10
DA:8,177
DA:9,177
DA:10,177
DA:11,177
DA:13,177
DA:14,0
DA:19,177
DA:20,0
DA:27,122
DA:28,1
DA:31,121
DA:35,26
DA:36,1
DA:39,25
DA:43,151
DA:47,26
LF:17
LH:15
BRDA:13,0,0,0
BRDA:13,1,0,177
BRDA:13,1,1,151
BRDA:19,2,0,0
BRDA:19,3,0,177
BRDA:19,3,1,26
BRDA:27,4,0,1
BRDA:35,5,0,1
BRF:8
BRH:6
end_of_record
